<?xml version="1.0" encoding="UTF-8"?>
<testsuites name="Test Suites-Sign UP Web Automation Practice" time="1069.563" tests="11" failures="0" errors="0">
   <testsuite name="Test Suites-Sign UP Web Automation Practice" tests="11" failures="0" errors="0" time="1069.563" skipped="0" timestamp="2021-08-30 15:34:46" hostname="Acer - DESKTOP-TNN9576" id="Test Suites/Test Suites-Sign UP Web Automation Practice">
      <properties>
         <property name="deviceName" value=""/>
         <property name="devicePlatform" value=""/>
         <property name="logFolder" value="D:\\Belajar katalon\\Projectbymaula1\\Reports\\20210830_153430\\Test Suites-Sign UP Web Automation Practice\\20210830_153430"/>
         <property name="logFiles" value="D:\\Belajar katalon\\Projectbymaula1\\Reports\\20210830_153430\\Test Suites-Sign UP Web Automation Practice\\20210830_153430\\execution0.log"/>
         <property name="attachments" value="D:\\Belajar katalon\\Projectbymaula1\\Reports\\20210830_153430\\Test Suites-Sign UP Web Automation Practice\\20210830_153430\\1630313231370.png, D:\\Belajar katalon\\Projectbymaula1\\Reports\\20210830_153430\\Test Suites-Sign UP Web Automation Practice\\20210830_153430\\1630313231685.png"/>
         <property name="hostName" value="Acer - DESKTOP-TNN9576"/>
         <property name="os" value="Windows 10 64bit"/>
         <property name="katalonVersion" value="8.1.0.208"/>
         <property name="browser" value="Chrome 92.0.4515.159"/>
         <property name="hostAddress" value="192.168.100.40"/>
         <property name="sessionId" value="bc83d858ee500c87ed20f75cca2d6546"/>
         <property name="seleniumVersion" value="3.141.59"/>
         <property name="proxyInformation" value="ProxyInformation { proxyOption=NO_PROXY, proxyServerType=HTTP, username=, password=********, proxyServerAddress=, proxyServerPort=0, executionList=&quot;&quot;, isApplyToDesiredCapabilities=true }"/>
         <property name="platform" value="Windows 10"/>
      </properties>
      <testcase name="Test Cases/Web Sign Up with Valid Data" time="101.174" classname="Test Cases/Web Sign Up with Valid Data" status="PASSED">
         <system-out><![CDATA[2021-08-30 15:34:47 - [TEST_CASE][PASSED] - Test Cases/Web Sign Up with Valid Data: Test Cases/Web Sign Up with Valid Data

2021-08-30 15:34:48 - [TEST_STEP][PASSED] - openBrowser(""): Browser is opened with url: ''

2021-08-30 15:34:49 - [MESSAGE][INFO] - Starting 'Chrome' driver

2021-08-30 15:34:49 - [MESSAGE][INFO] - Action delay is set to 0 milliseconds

2021-08-30 15:34:56 - [MESSAGE][PASSED] - Browser is opened with url: ''

2021-08-30 15:34:56 - [TEST_STEP][PASSED] - navigateToUrl("http://automationpractice.com/index.php"): Navigate to 'http://automationpractice.com/index.php' successfully

2021-08-30 15:35:29 - [MESSAGE][PASSED] - Navigate to 'http://automationpractice.com/index.php' successfully

2021-08-30 15:35:29 - [TEST_STEP][PASSED] - click(findTestObject("Object Repository/Page_My Store/a_Sign in")): Object: 'Object Repository/Page_My Store/a_Sign in' is clicked on

2021-08-30 15:35:39 - [MESSAGE][PASSED] - Object: 'Object Repository/Page_My Store/a_Sign in' is clicked on

2021-08-30 15:35:39 - [TEST_STEP][PASSED] - setText(findTestObject("Object Repository/Page_Login - My Store/input_Email address_email_create"), "testkatahariini@mailsac.com"): Text 'testkatahariini@mailsac.com' is set on object 'Object Repository/Page_Login - My Store/input_Email address_email_create'

2021-08-30 15:35:43 - [MESSAGE][PASSED] - Text 'testkatahariini@mailsac.com' is set on object 'Object Repository/Page_Login - My Store/input_Email address_email_create'

2021-08-30 15:35:43 - [TEST_STEP][PASSED] - click(findTestObject("Object Repository/Page_Login - My Store/span_Create an account")): Object: 'Object Repository/Page_Login - My Store/span_Create an account' is clicked on

2021-08-30 15:35:43 - [MESSAGE][PASSED] - Object: 'Object Repository/Page_Login - My Store/span_Create an account' is clicked on

2021-08-30 15:35:43 - [TEST_STEP][PASSED] - click(findTestObject("Object Repository/Page_Login - My Store/input_Mrs_id_gender")): Object: 'Object Repository/Page_Login - My Store/input_Mrs_id_gender' is clicked on

2021-08-30 15:35:52 - [MESSAGE][PASSED] - Object: 'Object Repository/Page_Login - My Store/input_Mrs_id_gender' is clicked on

2021-08-30 15:35:52 - [TEST_STEP][PASSED] - setText(findTestObject("Object Repository/Page_Login - My Store/input__customer_firstname"), "test "): Text 'test ' is set on object 'Object Repository/Page_Login - My Store/input__customer_firstname'

2021-08-30 15:35:53 - [MESSAGE][PASSED] - Text 'test ' is set on object 'Object Repository/Page_Login - My Store/input__customer_firstname'

2021-08-30 15:35:53 - [TEST_STEP][PASSED] - setText(findTestObject("Object Repository/Page_Login - My Store/input__customer_lastname"), "kataAi"): Text 'kataAi' is set on object 'Object Repository/Page_Login - My Store/input__customer_lastname'

2021-08-30 15:35:54 - [MESSAGE][PASSED] - Text 'kataAi' is set on object 'Object Repository/Page_Login - My Store/input__customer_lastname'

2021-08-30 15:35:54 - [TEST_STEP][PASSED] - setEncryptedText(findTestObject("Page_Login - My Store/input_Password_passwd"), "RigbBhfdqOBGNlJIWM1ClA=="): Text ****** has been set on object 'Object Repository/Page_Login - My Store/input_Password_passwd'

2021-08-30 15:35:54 - [MESSAGE][PASSED] - Text ****** has been set on object 'Object Repository/Page_Login - My Store/input_Password_passwd'

2021-08-30 15:35:54 - [TEST_STEP][PASSED] - selectOptionByValue(findTestObject("Object Repository/Page_Login - My Store/select_-12345678910111213141516171819202122_51e29d"), "11", true): All options with value '11' are selected in object 'Object Repository/Page_Login - My Store/select_-12345678910111213141516171819202122_51e29d'  using regular expression

2021-08-30 15:35:56 - [MESSAGE][PASSED] - All options with value '11' are selected in object 'Object Repository/Page_Login - My Store/select_-12345678910111213141516171819202122_51e29d'  using regular expression

2021-08-30 15:35:56 - [TEST_STEP][PASSED] - selectOptionByValue(findTestObject("Object Repository/Page_Login - My Store/select_-JanuaryFebruaryMarchAprilMayJuneJul_702766"), "1", true): All options with value '1' are selected in object 'Object Repository/Page_Login - My Store/select_-JanuaryFebruaryMarchAprilMayJuneJul_702766'  using regular expression

2021-08-30 15:35:57 - [MESSAGE][PASSED] - All options with value '1' are selected in object 'Object Repository/Page_Login - My Store/select_-JanuaryFebruaryMarchAprilMayJuneJul_702766'  using regular expression

2021-08-30 15:35:57 - [TEST_STEP][PASSED] - selectOptionByValue(findTestObject("Object Repository/Page_Login - My Store/select_-20212020201920182017201620152014201_28b437"), "1995", true): All options with value '1995' are selected in object 'Object Repository/Page_Login - My Store/select_-20212020201920182017201620152014201_28b437'  using regular expression

2021-08-30 15:36:00 - [MESSAGE][PASSED] - All options with value '1995' are selected in object 'Object Repository/Page_Login - My Store/select_-20212020201920182017201620152014201_28b437'  using regular expression

2021-08-30 15:36:00 - [TEST_STEP][PASSED] - click(findTestObject("Object Repository/Page_Login - My Store/input_January_newsletter")): Object: 'Object Repository/Page_Login - My Store/input_January_newsletter' is clicked on

2021-08-30 15:36:00 - [MESSAGE][PASSED] - Object: 'Object Repository/Page_Login - My Store/input_January_newsletter' is clicked on

2021-08-30 15:36:00 - [TEST_STEP][PASSED] - click(findTestObject("Object Repository/Page_Login - My Store/input_Sign up for our newsletter_optin")): Object: 'Object Repository/Page_Login - My Store/input_Sign up for our newsletter_optin' is clicked on

2021-08-30 15:36:01 - [MESSAGE][PASSED] - Object: 'Object Repository/Page_Login - My Store/input_Sign up for our newsletter_optin' is clicked on

2021-08-30 15:36:01 - [TEST_STEP][PASSED] - setText(findTestObject("Object Repository/Page_Login - My Store/input_Company_company"), "Test Company"): Text 'Test Company' is set on object 'Object Repository/Page_Login - My Store/input_Company_company'

2021-08-30 15:36:02 - [MESSAGE][PASSED] - Text 'Test Company' is set on object 'Object Repository/Page_Login - My Store/input_Company_company'

2021-08-30 15:36:02 - [TEST_STEP][PASSED] - setText(findTestObject("Object Repository/Page_Login - My Store/input__address1"), "Jakarta Selatan"): Text 'Jakarta Selatan' is set on object 'Object Repository/Page_Login - My Store/input__address1'

2021-08-30 15:36:03 - [MESSAGE][PASSED] - Text 'Jakarta Selatan' is set on object 'Object Repository/Page_Login - My Store/input__address1'

2021-08-30 15:36:03 - [TEST_STEP][PASSED] - setText(findTestObject("Object Repository/Page_Login - My Store/input_Address (Line 2)_address2"), "Gedung A"): Text 'Gedung A' is set on object 'Object Repository/Page_Login - My Store/input_Address (Line 2)_address2'

2021-08-30 15:36:03 - [MESSAGE][PASSED] - Text 'Gedung A' is set on object 'Object Repository/Page_Login - My Store/input_Address (Line 2)_address2'

2021-08-30 15:36:03 - [TEST_STEP][PASSED] - setText(findTestObject("Object Repository/Page_Login - My Store/input__city"), "Jakarta"): Text 'Jakarta' is set on object 'Object Repository/Page_Login - My Store/input__city'

2021-08-30 15:36:04 - [MESSAGE][PASSED] - Text 'Jakarta' is set on object 'Object Repository/Page_Login - My Store/input__city'

2021-08-30 15:36:04 - [TEST_STEP][PASSED] - selectOptionByValue(findTestObject("Object Repository/Page_Login - My Store/select_-AlabamaAlaskaArizonaArkansasCalifor_c52141"), "14", true): All options with value '14' are selected in object 'Object Repository/Page_Login - My Store/select_-AlabamaAlaskaArizonaArkansasCalifor_c52141'  using regular expression

2021-08-30 15:36:06 - [MESSAGE][PASSED] - All options with value '14' are selected in object 'Object Repository/Page_Login - My Store/select_-AlabamaAlaskaArizonaArkansasCalifor_c52141'  using regular expression

2021-08-30 15:36:06 - [TEST_STEP][PASSED] - setText(findTestObject("Object Repository/Page_Login - My Store/input__postcode"), "12060"): Text '12060' is set on object 'Object Repository/Page_Login - My Store/input__postcode'

2021-08-30 15:36:07 - [MESSAGE][PASSED] - Text '12060' is set on object 'Object Repository/Page_Login - My Store/input__postcode'

2021-08-30 15:36:07 - [TEST_STEP][PASSED] - setText(findTestObject("Object Repository/Page_Login - My Store/textarea_Additional information_other"), "Test Kata"): Text 'Test Kata' is set on object 'Object Repository/Page_Login - My Store/textarea_Additional information_other'

2021-08-30 15:36:08 - [MESSAGE][PASSED] - Text 'Test Kata' is set on object 'Object Repository/Page_Login - My Store/textarea_Additional information_other'

2021-08-30 15:36:08 - [TEST_STEP][PASSED] - setText(findTestObject("Object Repository/Page_Login - My Store/input_Home phone_phone"), "0214567"): Text '0214567' is set on object 'Object Repository/Page_Login - My Store/input_Home phone_phone'

2021-08-30 15:36:09 - [MESSAGE][PASSED] - Text '0214567' is set on object 'Object Repository/Page_Login - My Store/input_Home phone_phone'

2021-08-30 15:36:09 - [TEST_STEP][PASSED] - setText(findTestObject("Object Repository/Page_Login - My Store/input__phone_mobile"), "08132556789"): Text '08132556789' is set on object 'Object Repository/Page_Login - My Store/input__phone_mobile'

2021-08-30 15:36:10 - [MESSAGE][PASSED] - Text '08132556789' is set on object 'Object Repository/Page_Login - My Store/input__phone_mobile'

2021-08-30 15:36:10 - [TEST_STEP][PASSED] - setText(findTestObject("Object Repository/Page_Login - My Store/input__alias"), "Bandung"): Text 'Bandung' is set on object 'Object Repository/Page_Login - My Store/input__alias'

2021-08-30 15:36:10 - [MESSAGE][PASSED] - Text 'Bandung' is set on object 'Object Repository/Page_Login - My Store/input__alias'

2021-08-30 15:36:10 - [TEST_STEP][PASSED] - click(findTestObject("Object Repository/Page_Login - My Store/span_Register")): Object: 'Object Repository/Page_Login - My Store/span_Register' is clicked on

2021-08-30 15:36:23 - [MESSAGE][PASSED] - Object: 'Object Repository/Page_Login - My Store/span_Register' is clicked on

2021-08-30 15:36:23 - [TEST_STEP][PASSED] - delay(3): Delayed 3 second(s)

2021-08-30 15:36:26 - [MESSAGE][PASSED] - Delayed 3 second(s)

2021-08-30 15:36:26 - [TEST_STEP][PASSED] - verifyElementPresent(findTestObject("Page_My account - My Store/p_Welcome to your account. Here you can man_a77dad"), 0): Object 'Object Repository/Page_My account - My Store/p_Welcome to your account. Here you can man_a77dad' is present

2021-08-30 15:36:26 - [MESSAGE][WARNING] - Timeout '0' is invalid. Using default page load timeout: '30'

2021-08-30 15:36:28 - [MESSAGE][PASSED] - Object 'Object Repository/Page_My account - My Store/p_Welcome to your account. Here you can man_a77dad' is present

2021-08-30 15:36:28 - [TEST_STEP][PASSED] - closeBrowser(): Browser is closed

2021-08-30 15:36:28 - [MESSAGE][PASSED] - Browser is closed]]></system-out>
         <system-err><![CDATA[]]></system-err>
      </testcase>
      <testcase name="Test Cases/Web Sign UP with Registered Email" time="60.011" classname="Test Cases/Web Sign UP with Registered Email" status="PASSED">
         <system-out><![CDATA[2021-08-30 15:36:28 - [TEST_CASE][PASSED] - Test Cases/Web Sign UP with Registered Email: Test Cases/Web Sign UP with Registered Email

2021-08-30 15:36:29 - [TEST_STEP][PASSED] - openBrowser(""): Browser is opened with url: ''

2021-08-30 15:36:29 - [MESSAGE][INFO] - Starting 'Chrome' driver

2021-08-30 15:36:29 - [MESSAGE][INFO] - Action delay is set to 0 milliseconds

2021-08-30 15:36:31 - [MESSAGE][PASSED] - Browser is opened with url: ''

2021-08-30 15:36:31 - [TEST_STEP][PASSED] - navigateToUrl("http://automationpractice.com/index.php"): Navigate to 'http://automationpractice.com/index.php' successfully

2021-08-30 15:36:58 - [MESSAGE][PASSED] - Navigate to 'http://automationpractice.com/index.php' successfully

2021-08-30 15:36:58 - [TEST_STEP][PASSED] - click(findTestObject("Object Repository/Page_My Store/a_Sign in")): Object: 'Object Repository/Page_My Store/a_Sign in' is clicked on

2021-08-30 15:37:14 - [MESSAGE][PASSED] - Object: 'Object Repository/Page_My Store/a_Sign in' is clicked on

2021-08-30 15:37:14 - [TEST_STEP][PASSED] - setText(findTestObject("Object Repository/Page_Login - My Store/input_Email address_email_create"), "testkata1@mailsac.com"): Text 'testkata1@mailsac.com' is set on object 'Object Repository/Page_Login - My Store/input_Email address_email_create'

2021-08-30 15:37:18 - [MESSAGE][PASSED] - Text 'testkata1@mailsac.com' is set on object 'Object Repository/Page_Login - My Store/input_Email address_email_create'

2021-08-30 15:37:18 - [TEST_STEP][PASSED] - click(findTestObject("Object Repository/Page_Login - My Store/span_Create an account")): Object: 'Object Repository/Page_Login - My Store/span_Create an account' is clicked on

2021-08-30 15:37:20 - [MESSAGE][PASSED] - Object: 'Object Repository/Page_Login - My Store/span_Create an account' is clicked on

2021-08-30 15:37:20 - [TEST_STEP][PASSED] - delay(1): Delayed 1 second(s)

2021-08-30 15:37:21 - [MESSAGE][PASSED] - Delayed 1 second(s)

2021-08-30 15:37:21 - [TEST_STEP][PASSED] - verifyElementPresent(findTestObject("Page_Login - My Store/Message Eror Appear"), 0): Object 'Object Repository/Page_Login - My Store/Message Eror Appear' is present

2021-08-30 15:37:21 - [MESSAGE][WARNING] - Timeout '0' is invalid. Using default page load timeout: '30'

2021-08-30 15:37:28 - [MESSAGE][PASSED] - Object 'Object Repository/Page_Login - My Store/Message Eror Appear' is present

2021-08-30 15:37:28 - [TEST_STEP][PASSED] - closeBrowser(): Browser is closed

2021-08-30 15:37:28 - [MESSAGE][PASSED] - Browser is closed]]></system-out>
         <system-err><![CDATA[]]></system-err>
      </testcase>
      <testcase name="Test Cases/Web Sign Up with Empty Email" time="33.87" classname="Test Cases/Web Sign Up with Empty Email" status="PASSED">
         <system-out><![CDATA[2021-08-30 15:37:29 - [TEST_CASE][PASSED] - Test Cases/Web Sign Up with Empty Email: Test Cases/Web Sign Up with Empty Email

2021-08-30 15:37:29 - [TEST_STEP][PASSED] - openBrowser(""): Browser is opened with url: ''

2021-08-30 15:37:29 - [MESSAGE][INFO] - Starting 'Chrome' driver

2021-08-30 15:37:29 - [MESSAGE][INFO] - Action delay is set to 0 milliseconds

2021-08-30 15:37:31 - [MESSAGE][PASSED] - Browser is opened with url: ''

2021-08-30 15:37:31 - [TEST_STEP][PASSED] - navigateToUrl("http://automationpractice.com/index.php"): Navigate to 'http://automationpractice.com/index.php' successfully

2021-08-30 15:37:45 - [MESSAGE][PASSED] - Navigate to 'http://automationpractice.com/index.php' successfully

2021-08-30 15:37:45 - [TEST_STEP][PASSED] - click(findTestObject("Object Repository/Page_My Store/a_Sign in")): Object: 'Object Repository/Page_My Store/a_Sign in' is clicked on

2021-08-30 15:37:59 - [MESSAGE][PASSED] - Object: 'Object Repository/Page_My Store/a_Sign in' is clicked on

2021-08-30 15:37:59 - [TEST_STEP][PASSED] - click(findTestObject("Object Repository/Page_Login - My Store/span_Create an account")): Object: 'Object Repository/Page_Login - My Store/span_Create an account' is clicked on

2021-08-30 15:38:00 - [MESSAGE][PASSED] - Object: 'Object Repository/Page_Login - My Store/span_Create an account' is clicked on

2021-08-30 15:38:00 - [TEST_STEP][PASSED] - delay(1): Delayed 1 second(s)

2021-08-30 15:38:01 - [MESSAGE][PASSED] - Delayed 1 second(s)

2021-08-30 15:38:01 - [TEST_STEP][PASSED] - verifyElementPresent(findTestObject("Page_Login - My Store/Message Error Invalid email address"), 0): Object 'Object Repository/Page_Login - My Store/Message Error Invalid email address' is present

2021-08-30 15:38:01 - [MESSAGE][WARNING] - Timeout '0' is invalid. Using default page load timeout: '30'

2021-08-30 15:38:01 - [MESSAGE][PASSED] - Object 'Object Repository/Page_Login - My Store/Message Error Invalid email address' is present

2021-08-30 15:38:01 - [TEST_STEP][PASSED] - closeBrowser(): Browser is closed

2021-08-30 15:38:02 - [MESSAGE][PASSED] - Browser is closed]]></system-out>
         <system-err><![CDATA[]]></system-err>
      </testcase>
      <testcase name="Test Cases/Web Sign Up with Empty First Name On Create Account Form" time="71.981" classname="Test Cases/Web Sign Up with Empty First Name On Create Account Form" status="PASSED">
         <system-out><![CDATA[2021-08-30 15:38:02 - [TEST_CASE][PASSED] - Test Cases/Web Sign Up with Empty First Name On Create Account Form: Test Cases/Web Sign Up with Empty First Name On Create Account Form

2021-08-30 15:38:03 - [TEST_STEP][PASSED] - openBrowser(""): Browser is opened with url: ''

2021-08-30 15:38:03 - [MESSAGE][INFO] - Starting 'Chrome' driver

2021-08-30 15:38:03 - [MESSAGE][INFO] - Action delay is set to 0 milliseconds

2021-08-30 15:38:05 - [MESSAGE][PASSED] - Browser is opened with url: ''

2021-08-30 15:38:05 - [TEST_STEP][PASSED] - navigateToUrl("http://automationpractice.com/index.php"): Navigate to 'http://automationpractice.com/index.php' successfully

2021-08-30 15:38:21 - [MESSAGE][PASSED] - Navigate to 'http://automationpractice.com/index.php' successfully

2021-08-30 15:38:21 - [TEST_STEP][PASSED] - click(findTestObject("Object Repository/Page_My Store/a_Sign in")): Object: 'Object Repository/Page_My Store/a_Sign in' is clicked on

2021-08-30 15:38:37 - [MESSAGE][PASSED] - Object: 'Object Repository/Page_My Store/a_Sign in' is clicked on

2021-08-30 15:38:37 - [TEST_STEP][PASSED] - setText(findTestObject("Object Repository/Page_Login - My Store/input_Email address_email_create"), "testkatahariini7@mailsac.com"): Text 'testkatahariini7@mailsac.com' is set on object 'Object Repository/Page_Login - My Store/input_Email address_email_create'

2021-08-30 15:38:38 - [MESSAGE][PASSED] - Text 'testkatahariini7@mailsac.com' is set on object 'Object Repository/Page_Login - My Store/input_Email address_email_create'

2021-08-30 15:38:38 - [TEST_STEP][PASSED] - click(findTestObject("Object Repository/Page_Login - My Store/span_Create an account")): Object: 'Object Repository/Page_Login - My Store/span_Create an account' is clicked on

2021-08-30 15:38:38 - [MESSAGE][PASSED] - Object: 'Object Repository/Page_Login - My Store/span_Create an account' is clicked on

2021-08-30 15:38:38 - [TEST_STEP][PASSED] - click(findTestObject("Object Repository/Page_Login - My Store/input_Mrs_id_gender")): Object: 'Object Repository/Page_Login - My Store/input_Mrs_id_gender' is clicked on

2021-08-30 15:38:47 - [MESSAGE][PASSED] - Object: 'Object Repository/Page_Login - My Store/input_Mrs_id_gender' is clicked on

2021-08-30 15:38:47 - [TEST_STEP][PASSED] - setText(findTestObject("Object Repository/Page_Login - My Store/input__customer_lastname"), "ABCD"): Text 'ABCD' is set on object 'Object Repository/Page_Login - My Store/input__customer_lastname'

2021-08-30 15:38:49 - [MESSAGE][PASSED] - Text 'ABCD' is set on object 'Object Repository/Page_Login - My Store/input__customer_lastname'

2021-08-30 15:38:49 - [TEST_STEP][PASSED] - setEncryptedText(findTestObject("Object Repository/Page_Login - My Store/input__passwd"), "RigbBhfdqOBGNlJIWM1ClA=="): Text ****** has been set on object 'Object Repository/Page_Login - My Store/input__passwd'

2021-08-30 15:38:49 - [MESSAGE][PASSED] - Text ****** has been set on object 'Object Repository/Page_Login - My Store/input__passwd'

2021-08-30 15:38:49 - [TEST_STEP][PASSED] - selectOptionByValue(findTestObject("Object Repository/Page_Login - My Store/select_-12345678910111213141516171819202122_51e29d"), "19", true): All options with value '19' are selected in object 'Object Repository/Page_Login - My Store/select_-12345678910111213141516171819202122_51e29d'  using regular expression

2021-08-30 15:38:51 - [MESSAGE][PASSED] - All options with value '19' are selected in object 'Object Repository/Page_Login - My Store/select_-12345678910111213141516171819202122_51e29d'  using regular expression

2021-08-30 15:38:51 - [TEST_STEP][PASSED] - selectOptionByValue(findTestObject("Object Repository/Page_Login - My Store/select_-JanuaryFebruaryMarchAprilMayJuneJul_702766"), "11", true): All options with value '11' are selected in object 'Object Repository/Page_Login - My Store/select_-JanuaryFebruaryMarchAprilMayJuneJul_702766'  using regular expression

2021-08-30 15:38:52 - [MESSAGE][PASSED] - All options with value '11' are selected in object 'Object Repository/Page_Login - My Store/select_-JanuaryFebruaryMarchAprilMayJuneJul_702766'  using regular expression

2021-08-30 15:38:52 - [TEST_STEP][PASSED] - selectOptionByValue(findTestObject("Object Repository/Page_Login - My Store/select_-20212020201920182017201620152014201_28b437"), "2001", true): All options with value '2001' are selected in object 'Object Repository/Page_Login - My Store/select_-20212020201920182017201620152014201_28b437'  using regular expression

2021-08-30 15:38:55 - [MESSAGE][PASSED] - All options with value '2001' are selected in object 'Object Repository/Page_Login - My Store/select_-20212020201920182017201620152014201_28b437'  using regular expression

2021-08-30 15:38:55 - [TEST_STEP][PASSED] - click(findTestObject("Object Repository/Page_Login - My Store/input_November_newsletter")): Object: 'Object Repository/Page_Login - My Store/input_November_newsletter' is clicked on

2021-08-30 15:38:55 - [MESSAGE][PASSED] - Object: 'Object Repository/Page_Login - My Store/input_November_newsletter' is clicked on

2021-08-30 15:38:55 - [TEST_STEP][PASSED] - click(findTestObject("Object Repository/Page_Login - My Store/input_Sign up for our newsletter_optin")): Object: 'Object Repository/Page_Login - My Store/input_Sign up for our newsletter_optin' is clicked on

2021-08-30 15:38:55 - [MESSAGE][PASSED] - Object: 'Object Repository/Page_Login - My Store/input_Sign up for our newsletter_optin' is clicked on

2021-08-30 15:38:55 - [TEST_STEP][PASSED] - setText(findTestObject("Object Repository/Page_Login - My Store/input_Company_company"), "PT ABCD"): Text 'PT ABCD' is set on object 'Object Repository/Page_Login - My Store/input_Company_company'

2021-08-30 15:38:56 - [MESSAGE][PASSED] - Text 'PT ABCD' is set on object 'Object Repository/Page_Login - My Store/input_Company_company'

2021-08-30 15:38:56 - [TEST_STEP][PASSED] - setText(findTestObject("Object Repository/Page_Login - My Store/input__address1"), "Jalan ABC"): Text 'Jalan ABC' is set on object 'Object Repository/Page_Login - My Store/input__address1'

2021-08-30 15:38:57 - [MESSAGE][PASSED] - Text 'Jalan ABC' is set on object 'Object Repository/Page_Login - My Store/input__address1'

2021-08-30 15:38:57 - [TEST_STEP][PASSED] - setText(findTestObject("Object Repository/Page_Login - My Store/input_Address (Line 2)_address2"), "Gedung ABC"): Text 'Gedung ABC' is set on object 'Object Repository/Page_Login - My Store/input_Address (Line 2)_address2'

2021-08-30 15:38:58 - [MESSAGE][PASSED] - Text 'Gedung ABC' is set on object 'Object Repository/Page_Login - My Store/input_Address (Line 2)_address2'

2021-08-30 15:38:58 - [TEST_STEP][PASSED] - setText(findTestObject("Object Repository/Page_Login - My Store/input__city"), "Jakarta"): Text 'Jakarta' is set on object 'Object Repository/Page_Login - My Store/input__city'

2021-08-30 15:38:59 - [MESSAGE][PASSED] - Text 'Jakarta' is set on object 'Object Repository/Page_Login - My Store/input__city'

2021-08-30 15:38:59 - [TEST_STEP][PASSED] - selectOptionByValue(findTestObject("Object Repository/Page_Login - My Store/select_-AlabamaAlaskaArizonaArkansasCalifor_c52141"), "15", true): All options with value '15' are selected in object 'Object Repository/Page_Login - My Store/select_-AlabamaAlaskaArizonaArkansasCalifor_c52141'  using regular expression

2021-08-30 15:39:01 - [MESSAGE][PASSED] - All options with value '15' are selected in object 'Object Repository/Page_Login - My Store/select_-AlabamaAlaskaArizonaArkansasCalifor_c52141'  using regular expression

2021-08-30 15:39:01 - [TEST_STEP][PASSED] - setText(findTestObject("Object Repository/Page_Login - My Store/input__postcode"), "12060"): Text '12060' is set on object 'Object Repository/Page_Login - My Store/input__postcode'

2021-08-30 15:39:01 - [MESSAGE][PASSED] - Text '12060' is set on object 'Object Repository/Page_Login - My Store/input__postcode'

2021-08-30 15:39:01 - [TEST_STEP][PASSED] - setText(findTestObject("Object Repository/Page_Login - My Store/textarea_Additional information_other"), "abcd"): Text 'abcd' is set on object 'Object Repository/Page_Login - My Store/textarea_Additional information_other'

2021-08-30 15:39:02 - [MESSAGE][PASSED] - Text 'abcd' is set on object 'Object Repository/Page_Login - My Store/textarea_Additional information_other'

2021-08-30 15:39:02 - [TEST_STEP][PASSED] - setText(findTestObject("Object Repository/Page_Login - My Store/input_Home phone_phone"), "0214356"): Text '0214356' is set on object 'Object Repository/Page_Login - My Store/input_Home phone_phone'

2021-08-30 15:39:03 - [MESSAGE][PASSED] - Text '0214356' is set on object 'Object Repository/Page_Login - My Store/input_Home phone_phone'

2021-08-30 15:39:03 - [TEST_STEP][PASSED] - setText(findTestObject("Object Repository/Page_Login - My Store/input__phone_mobile"), "898909654"): Text '898909654' is set on object 'Object Repository/Page_Login - My Store/input__phone_mobile'

2021-08-30 15:39:04 - [MESSAGE][PASSED] - Text '898909654' is set on object 'Object Repository/Page_Login - My Store/input__phone_mobile'

2021-08-30 15:39:04 - [TEST_STEP][PASSED] - setText(findTestObject("Object Repository/Page_Login - My Store/input__alias"), "bandung"): Text 'bandung' is set on object 'Object Repository/Page_Login - My Store/input__alias'

2021-08-30 15:39:05 - [MESSAGE][PASSED] - Text 'bandung' is set on object 'Object Repository/Page_Login - My Store/input__alias'

2021-08-30 15:39:05 - [TEST_STEP][PASSED] - click(findTestObject("Object Repository/Page_Login - My Store/span_Register")): Object: 'Object Repository/Page_Login - My Store/span_Register' is clicked on

2021-08-30 15:39:12 - [MESSAGE][PASSED] - Object: 'Object Repository/Page_Login - My Store/span_Register' is clicked on

2021-08-30 15:39:12 - [TEST_STEP][PASSED] - delay(1): Delayed 1 second(s)

2021-08-30 15:39:13 - [MESSAGE][PASSED] - Delayed 1 second(s)

2021-08-30 15:39:13 - [TEST_STEP][PASSED] - verifyElementPresent(findTestObject("Page_Login - My Store/Message error first name is required"), 0): Object 'Object Repository/Page_Login - My Store/Message error first name is required' is present

2021-08-30 15:39:13 - [MESSAGE][WARNING] - Timeout '0' is invalid. Using default page load timeout: '30'

2021-08-30 15:39:13 - [MESSAGE][PASSED] - Object 'Object Repository/Page_Login - My Store/Message error first name is required' is present

2021-08-30 15:39:14 - [TEST_STEP][PASSED] - closeBrowser(): Browser is closed

2021-08-30 15:39:14 - [MESSAGE][PASSED] - Browser is closed]]></system-out>
         <system-err><![CDATA[]]></system-err>
      </testcase>
      <testcase name="Test Cases/Web Sign Up with Empty Last Name On Create Account Form" time="69.316" classname="Test Cases/Web Sign Up with Empty Last Name On Create Account Form" status="PASSED">
         <system-out><![CDATA[2021-08-30 15:39:14 - [TEST_CASE][PASSED] - Test Cases/Web Sign Up with Empty Last Name On Create Account Form: Test Cases/Web Sign Up with Empty Last Name On Create Account Form

2021-08-30 15:39:15 - [TEST_STEP][PASSED] - openBrowser(""): Browser is opened with url: ''

2021-08-30 15:39:15 - [MESSAGE][INFO] - Starting 'Chrome' driver

2021-08-30 15:39:15 - [MESSAGE][INFO] - Action delay is set to 0 milliseconds

2021-08-30 15:39:17 - [MESSAGE][PASSED] - Browser is opened with url: ''

2021-08-30 15:39:17 - [TEST_STEP][PASSED] - navigateToUrl("http://automationpractice.com/index.php"): Navigate to 'http://automationpractice.com/index.php' successfully

2021-08-30 15:39:30 - [MESSAGE][PASSED] - Navigate to 'http://automationpractice.com/index.php' successfully

2021-08-30 15:39:30 - [TEST_STEP][PASSED] - click(findTestObject("Object Repository/Page_My Store/a_Sign in")): Object: 'Object Repository/Page_My Store/a_Sign in' is clicked on

2021-08-30 15:39:43 - [MESSAGE][PASSED] - Object: 'Object Repository/Page_My Store/a_Sign in' is clicked on

2021-08-30 15:39:43 - [TEST_STEP][PASSED] - setText(findTestObject("Object Repository/Page_Login - My Store/input_Email address_email_create"), "testkatahariini6@mailsac.com"): Text 'testkatahariini6@mailsac.com' is set on object 'Object Repository/Page_Login - My Store/input_Email address_email_create'

2021-08-30 15:39:44 - [MESSAGE][PASSED] - Text 'testkatahariini6@mailsac.com' is set on object 'Object Repository/Page_Login - My Store/input_Email address_email_create'

2021-08-30 15:39:44 - [TEST_STEP][PASSED] - click(findTestObject("Object Repository/Page_Login - My Store/span_Create an account")): Object: 'Object Repository/Page_Login - My Store/span_Create an account' is clicked on

2021-08-30 15:39:45 - [MESSAGE][PASSED] - Object: 'Object Repository/Page_Login - My Store/span_Create an account' is clicked on

2021-08-30 15:39:45 - [TEST_STEP][PASSED] - click(findTestObject("Object Repository/Page_Login - My Store/input_Mrs_id_gender")): Object: 'Object Repository/Page_Login - My Store/input_Mrs_id_gender' is clicked on

2021-08-30 15:39:54 - [MESSAGE][PASSED] - Object: 'Object Repository/Page_Login - My Store/input_Mrs_id_gender' is clicked on

2021-08-30 15:39:54 - [TEST_STEP][PASSED] - setText(findTestObject("Object Repository/Page_Login - My Store/input__customer_firstname"), "test "): Text 'test ' is set on object 'Object Repository/Page_Login - My Store/input__customer_firstname'

2021-08-30 15:39:55 - [MESSAGE][PASSED] - Text 'test ' is set on object 'Object Repository/Page_Login - My Store/input__customer_firstname'

2021-08-30 15:39:55 - [TEST_STEP][PASSED] - setEncryptedText(findTestObject("Object Repository/Page_Login - My Store/input__passwd"), "RigbBhfdqOBGNlJIWM1ClA=="): Text ****** has been set on object 'Object Repository/Page_Login - My Store/input__passwd'

2021-08-30 15:39:56 - [MESSAGE][PASSED] - Text ****** has been set on object 'Object Repository/Page_Login - My Store/input__passwd'

2021-08-30 15:39:56 - [TEST_STEP][PASSED] - selectOptionByValue(findTestObject("Object Repository/Page_Login - My Store/select_-12345678910111213141516171819202122_51e29d"), "11", true): All options with value '11' are selected in object 'Object Repository/Page_Login - My Store/select_-12345678910111213141516171819202122_51e29d'  using regular expression

2021-08-30 15:39:57 - [MESSAGE][PASSED] - All options with value '11' are selected in object 'Object Repository/Page_Login - My Store/select_-12345678910111213141516171819202122_51e29d'  using regular expression

2021-08-30 15:39:57 - [TEST_STEP][PASSED] - selectOptionByValue(findTestObject("Object Repository/Page_Login - My Store/select_-JanuaryFebruaryMarchAprilMayJuneJul_702766"), "1", true): All options with value '1' are selected in object 'Object Repository/Page_Login - My Store/select_-JanuaryFebruaryMarchAprilMayJuneJul_702766'  using regular expression

2021-08-30 15:39:58 - [MESSAGE][PASSED] - All options with value '1' are selected in object 'Object Repository/Page_Login - My Store/select_-JanuaryFebruaryMarchAprilMayJuneJul_702766'  using regular expression

2021-08-30 15:39:58 - [TEST_STEP][PASSED] - selectOptionByValue(findTestObject("Object Repository/Page_Login - My Store/select_-20212020201920182017201620152014201_28b437"), "1995", true): All options with value '1995' are selected in object 'Object Repository/Page_Login - My Store/select_-20212020201920182017201620152014201_28b437'  using regular expression

2021-08-30 15:40:01 - [MESSAGE][PASSED] - All options with value '1995' are selected in object 'Object Repository/Page_Login - My Store/select_-20212020201920182017201620152014201_28b437'  using regular expression

2021-08-30 15:40:01 - [TEST_STEP][PASSED] - click(findTestObject("Object Repository/Page_Login - My Store/input_January_newsletter")): Object: 'Object Repository/Page_Login - My Store/input_January_newsletter' is clicked on

2021-08-30 15:40:01 - [MESSAGE][PASSED] - Object: 'Object Repository/Page_Login - My Store/input_January_newsletter' is clicked on

2021-08-30 15:40:01 - [TEST_STEP][PASSED] - click(findTestObject("Object Repository/Page_Login - My Store/input_Sign up for our newsletter_optin")): Object: 'Object Repository/Page_Login - My Store/input_Sign up for our newsletter_optin' is clicked on

2021-08-30 15:40:02 - [MESSAGE][PASSED] - Object: 'Object Repository/Page_Login - My Store/input_Sign up for our newsletter_optin' is clicked on

2021-08-30 15:40:02 - [TEST_STEP][PASSED] - setText(findTestObject("Object Repository/Page_Login - My Store/input_Company_company"), "Test Company"): Text 'Test Company' is set on object 'Object Repository/Page_Login - My Store/input_Company_company'

2021-08-30 15:40:03 - [MESSAGE][PASSED] - Text 'Test Company' is set on object 'Object Repository/Page_Login - My Store/input_Company_company'

2021-08-30 15:40:03 - [TEST_STEP][PASSED] - setText(findTestObject("Object Repository/Page_Login - My Store/input__address1"), "Jakarta Selatan"): Text 'Jakarta Selatan' is set on object 'Object Repository/Page_Login - My Store/input__address1'

2021-08-30 15:40:04 - [MESSAGE][PASSED] - Text 'Jakarta Selatan' is set on object 'Object Repository/Page_Login - My Store/input__address1'

2021-08-30 15:40:04 - [TEST_STEP][PASSED] - setText(findTestObject("Object Repository/Page_Login - My Store/input_Address (Line 2)_address2"), "Gedung A"): Text 'Gedung A' is set on object 'Object Repository/Page_Login - My Store/input_Address (Line 2)_address2'

2021-08-30 15:40:05 - [MESSAGE][PASSED] - Text 'Gedung A' is set on object 'Object Repository/Page_Login - My Store/input_Address (Line 2)_address2'

2021-08-30 15:40:05 - [TEST_STEP][PASSED] - setText(findTestObject("Object Repository/Page_Login - My Store/input__city"), "Jakarta"): Text 'Jakarta' is set on object 'Object Repository/Page_Login - My Store/input__city'

2021-08-30 15:40:06 - [MESSAGE][PASSED] - Text 'Jakarta' is set on object 'Object Repository/Page_Login - My Store/input__city'

2021-08-30 15:40:06 - [TEST_STEP][PASSED] - selectOptionByValue(findTestObject("Object Repository/Page_Login - My Store/select_-AlabamaAlaskaArizonaArkansasCalifor_c52141"), "14", true): All options with value '14' are selected in object 'Object Repository/Page_Login - My Store/select_-AlabamaAlaskaArizonaArkansasCalifor_c52141'  using regular expression

2021-08-30 15:40:08 - [MESSAGE][PASSED] - All options with value '14' are selected in object 'Object Repository/Page_Login - My Store/select_-AlabamaAlaskaArizonaArkansasCalifor_c52141'  using regular expression

2021-08-30 15:40:08 - [TEST_STEP][PASSED] - setText(findTestObject("Object Repository/Page_Login - My Store/input__postcode"), "12060"): Text '12060' is set on object 'Object Repository/Page_Login - My Store/input__postcode'

2021-08-30 15:40:08 - [MESSAGE][PASSED] - Text '12060' is set on object 'Object Repository/Page_Login - My Store/input__postcode'

2021-08-30 15:40:08 - [TEST_STEP][PASSED] - setText(findTestObject("Object Repository/Page_Login - My Store/textarea_Additional information_other"), "Test Kata"): Text 'Test Kata' is set on object 'Object Repository/Page_Login - My Store/textarea_Additional information_other'

2021-08-30 15:40:09 - [MESSAGE][PASSED] - Text 'Test Kata' is set on object 'Object Repository/Page_Login - My Store/textarea_Additional information_other'

2021-08-30 15:40:09 - [TEST_STEP][PASSED] - setText(findTestObject("Object Repository/Page_Login - My Store/input_Home phone_phone"), "0214567"): Text '0214567' is set on object 'Object Repository/Page_Login - My Store/input_Home phone_phone'

2021-08-30 15:40:10 - [MESSAGE][PASSED] - Text '0214567' is set on object 'Object Repository/Page_Login - My Store/input_Home phone_phone'

2021-08-30 15:40:10 - [TEST_STEP][PASSED] - setText(findTestObject("Object Repository/Page_Login - My Store/input__phone_mobile"), "08132556789"): Text '08132556789' is set on object 'Object Repository/Page_Login - My Store/input__phone_mobile'

2021-08-30 15:40:11 - [MESSAGE][PASSED] - Text '08132556789' is set on object 'Object Repository/Page_Login - My Store/input__phone_mobile'

2021-08-30 15:40:11 - [TEST_STEP][PASSED] - setText(findTestObject("Object Repository/Page_Login - My Store/input__alias"), "Bandung"): Text 'Bandung' is set on object 'Object Repository/Page_Login - My Store/input__alias'

2021-08-30 15:40:12 - [MESSAGE][PASSED] - Text 'Bandung' is set on object 'Object Repository/Page_Login - My Store/input__alias'

2021-08-30 15:40:12 - [TEST_STEP][PASSED] - click(findTestObject("Object Repository/Page_Login - My Store/span_Register")): Object: 'Object Repository/Page_Login - My Store/span_Register' is clicked on

2021-08-30 15:40:19 - [MESSAGE][PASSED] - Object: 'Object Repository/Page_Login - My Store/span_Register' is clicked on

2021-08-30 15:40:19 - [TEST_STEP][PASSED] - delay(3): Delayed 3 second(s)

2021-08-30 15:40:22 - [MESSAGE][PASSED] - Delayed 3 second(s)

2021-08-30 15:40:22 - [TEST_STEP][PASSED] - verifyElementPresent(findTestObject("Page_Login - My Store/Message error last name is required"), 0): Object 'Object Repository/Page_Login - My Store/Message error last name is required' is present

2021-08-30 15:40:23 - [MESSAGE][WARNING] - Timeout '0' is invalid. Using default page load timeout: '30'

2021-08-30 15:40:23 - [MESSAGE][PASSED] - Object 'Object Repository/Page_Login - My Store/Message error last name is required' is present

2021-08-30 15:40:23 - [TEST_STEP][PASSED] - closeBrowser(): Browser is closed

2021-08-30 15:40:24 - [MESSAGE][PASSED] - Browser is closed]]></system-out>
         <system-err><![CDATA[]]></system-err>
      </testcase>
      <testcase name="Test Cases/Web Sign Up with Empty Password On Create Account Form" time="123.938" classname="Test Cases/Web Sign Up with Empty Password On Create Account Form" status="PASSED">
         <system-out><![CDATA[2021-08-30 15:40:24 - [TEST_CASE][PASSED] - Test Cases/Web Sign Up with Empty Password On Create Account Form: Test Cases/Web Sign Up with Empty Password On Create Account Form

2021-08-30 15:40:24 - [TEST_STEP][PASSED] - openBrowser(""): Browser is opened with url: ''

2021-08-30 15:40:24 - [MESSAGE][INFO] - Starting 'Chrome' driver

2021-08-30 15:40:24 - [MESSAGE][INFO] - Action delay is set to 0 milliseconds

2021-08-30 15:40:26 - [MESSAGE][PASSED] - Browser is opened with url: ''

2021-08-30 15:40:26 - [TEST_STEP][PASSED] - navigateToUrl("http://automationpractice.com/index.php"): Navigate to 'http://automationpractice.com/index.php' successfully

2021-08-30 15:41:31 - [MESSAGE][PASSED] - Navigate to 'http://automationpractice.com/index.php' successfully

2021-08-30 15:41:31 - [TEST_STEP][PASSED] - click(findTestObject("Object Repository/Page_My Store/a_Sign in")): Object: 'Object Repository/Page_My Store/a_Sign in' is clicked on

2021-08-30 15:41:47 - [MESSAGE][PASSED] - Object: 'Object Repository/Page_My Store/a_Sign in' is clicked on

2021-08-30 15:41:47 - [TEST_STEP][PASSED] - setText(findTestObject("Object Repository/Page_Login - My Store/input_Email address_email_create"), "testkatahariini4@mailsac.com"): Text 'testkatahariini4@mailsac.com' is set on object 'Object Repository/Page_Login - My Store/input_Email address_email_create'

2021-08-30 15:41:48 - [MESSAGE][PASSED] - Text 'testkatahariini4@mailsac.com' is set on object 'Object Repository/Page_Login - My Store/input_Email address_email_create'

2021-08-30 15:41:48 - [TEST_STEP][PASSED] - click(findTestObject("Object Repository/Page_Login - My Store/span_Create an account")): Object: 'Object Repository/Page_Login - My Store/span_Create an account' is clicked on

2021-08-30 15:41:48 - [MESSAGE][PASSED] - Object: 'Object Repository/Page_Login - My Store/span_Create an account' is clicked on

2021-08-30 15:41:48 - [TEST_STEP][PASSED] - click(findTestObject("Object Repository/Page_Login - My Store/input_Mrs_id_gender")): Object: 'Object Repository/Page_Login - My Store/input_Mrs_id_gender' is clicked on

2021-08-30 15:41:57 - [MESSAGE][PASSED] - Object: 'Object Repository/Page_Login - My Store/input_Mrs_id_gender' is clicked on

2021-08-30 15:41:57 - [TEST_STEP][PASSED] - setText(findTestObject("Object Repository/Page_Login - My Store/input__customer_firstname"), "test "): Text 'test ' is set on object 'Object Repository/Page_Login - My Store/input__customer_firstname'

2021-08-30 15:41:58 - [MESSAGE][PASSED] - Text 'test ' is set on object 'Object Repository/Page_Login - My Store/input__customer_firstname'

2021-08-30 15:41:58 - [TEST_STEP][PASSED] - setText(findTestObject("Object Repository/Page_Login - My Store/input__customer_lastname"), "kataAi"): Text 'kataAi' is set on object 'Object Repository/Page_Login - My Store/input__customer_lastname'

2021-08-30 15:41:59 - [MESSAGE][PASSED] - Text 'kataAi' is set on object 'Object Repository/Page_Login - My Store/input__customer_lastname'

2021-08-30 15:41:59 - [TEST_STEP][PASSED] - click(findTestObject("Object Repository/Page_Login - My Store/form_Your personal informationTitleMr.Mrs.F_0dfd37")): Object: 'Object Repository/Page_Login - My Store/form_Your personal informationTitleMr.Mrs.F_0dfd37' is clicked on

2021-08-30 15:41:59 - [MESSAGE][PASSED] - Object: 'Object Repository/Page_Login - My Store/form_Your personal informationTitleMr.Mrs.F_0dfd37' is clicked on

2021-08-30 15:41:59 - [TEST_STEP][PASSED] - selectOptionByValue(findTestObject("Object Repository/Page_Login - My Store/select_-12345678910111213141516171819202122_51e29d"), "11", true): All options with value '11' are selected in object 'Object Repository/Page_Login - My Store/select_-12345678910111213141516171819202122_51e29d'  using regular expression

2021-08-30 15:42:01 - [MESSAGE][PASSED] - All options with value '11' are selected in object 'Object Repository/Page_Login - My Store/select_-12345678910111213141516171819202122_51e29d'  using regular expression

2021-08-30 15:42:01 - [TEST_STEP][PASSED] - selectOptionByValue(findTestObject("Object Repository/Page_Login - My Store/select_-JanuaryFebruaryMarchAprilMayJuneJul_702766"), "1", true): All options with value '1' are selected in object 'Object Repository/Page_Login - My Store/select_-JanuaryFebruaryMarchAprilMayJuneJul_702766'  using regular expression

2021-08-30 15:42:02 - [MESSAGE][PASSED] - All options with value '1' are selected in object 'Object Repository/Page_Login - My Store/select_-JanuaryFebruaryMarchAprilMayJuneJul_702766'  using regular expression

2021-08-30 15:42:02 - [TEST_STEP][PASSED] - selectOptionByValue(findTestObject("Object Repository/Page_Login - My Store/select_-20212020201920182017201620152014201_28b437"), "1995", true): All options with value '1995' are selected in object 'Object Repository/Page_Login - My Store/select_-20212020201920182017201620152014201_28b437'  using regular expression

2021-08-30 15:42:04 - [MESSAGE][PASSED] - All options with value '1995' are selected in object 'Object Repository/Page_Login - My Store/select_-20212020201920182017201620152014201_28b437'  using regular expression

2021-08-30 15:42:04 - [TEST_STEP][PASSED] - click(findTestObject("Object Repository/Page_Login - My Store/input_January_newsletter")): Object: 'Object Repository/Page_Login - My Store/input_January_newsletter' is clicked on

2021-08-30 15:42:05 - [MESSAGE][PASSED] - Object: 'Object Repository/Page_Login - My Store/input_January_newsletter' is clicked on

2021-08-30 15:42:05 - [TEST_STEP][PASSED] - click(findTestObject("Object Repository/Page_Login - My Store/input_Sign up for our newsletter_optin")): Object: 'Object Repository/Page_Login - My Store/input_Sign up for our newsletter_optin' is clicked on

2021-08-30 15:42:05 - [MESSAGE][PASSED] - Object: 'Object Repository/Page_Login - My Store/input_Sign up for our newsletter_optin' is clicked on

2021-08-30 15:42:05 - [TEST_STEP][PASSED] - setText(findTestObject("Object Repository/Page_Login - My Store/input_Company_company"), "Test Company"): Text 'Test Company' is set on object 'Object Repository/Page_Login - My Store/input_Company_company'

2021-08-30 15:42:06 - [MESSAGE][PASSED] - Text 'Test Company' is set on object 'Object Repository/Page_Login - My Store/input_Company_company'

2021-08-30 15:42:06 - [TEST_STEP][PASSED] - setText(findTestObject("Object Repository/Page_Login - My Store/input__address1"), "Jakarta Selatan"): Text 'Jakarta Selatan' is set on object 'Object Repository/Page_Login - My Store/input__address1'

2021-08-30 15:42:07 - [MESSAGE][PASSED] - Text 'Jakarta Selatan' is set on object 'Object Repository/Page_Login - My Store/input__address1'

2021-08-30 15:42:07 - [TEST_STEP][PASSED] - setText(findTestObject("Object Repository/Page_Login - My Store/input_Address (Line 2)_address2"), "Gedung A"): Text 'Gedung A' is set on object 'Object Repository/Page_Login - My Store/input_Address (Line 2)_address2'

2021-08-30 15:42:08 - [MESSAGE][PASSED] - Text 'Gedung A' is set on object 'Object Repository/Page_Login - My Store/input_Address (Line 2)_address2'

2021-08-30 15:42:08 - [TEST_STEP][PASSED] - setText(findTestObject("Object Repository/Page_Login - My Store/input__city"), "Jakarta"): Text 'Jakarta' is set on object 'Object Repository/Page_Login - My Store/input__city'

2021-08-30 15:42:09 - [MESSAGE][PASSED] - Text 'Jakarta' is set on object 'Object Repository/Page_Login - My Store/input__city'

2021-08-30 15:42:09 - [TEST_STEP][PASSED] - click(findTestObject("Page_Login - My Store/p_State --AlabamaAlaskaArizonaArkansasCalif_c49684")): Object: 'Object Repository/Page_Login - My Store/p_State --AlabamaAlaskaArizonaArkansasCalif_c49684' is clicked on

2021-08-30 15:42:09 - [MESSAGE][PASSED] - Object: 'Object Repository/Page_Login - My Store/p_State --AlabamaAlaskaArizonaArkansasCalif_c49684' is clicked on

2021-08-30 15:42:09 - [TEST_STEP][PASSED] - selectOptionByValue(findTestObject("Object Repository/Page_Login - My Store/select_-AlabamaAlaskaArizonaArkansasCalifor_c52141"), "14", true): All options with value '14' are selected in object 'Object Repository/Page_Login - My Store/select_-AlabamaAlaskaArizonaArkansasCalifor_c52141'  using regular expression

2021-08-30 15:42:11 - [MESSAGE][PASSED] - All options with value '14' are selected in object 'Object Repository/Page_Login - My Store/select_-AlabamaAlaskaArizonaArkansasCalifor_c52141'  using regular expression

2021-08-30 15:42:11 - [TEST_STEP][PASSED] - setText(findTestObject("Object Repository/Page_Login - My Store/input__postcode"), "12060"): Text '12060' is set on object 'Object Repository/Page_Login - My Store/input__postcode'

2021-08-30 15:42:12 - [MESSAGE][PASSED] - Text '12060' is set on object 'Object Repository/Page_Login - My Store/input__postcode'

2021-08-30 15:42:12 - [TEST_STEP][PASSED] - setText(findTestObject("Object Repository/Page_Login - My Store/textarea_Additional information_other"), "Test Kata"): Text 'Test Kata' is set on object 'Object Repository/Page_Login - My Store/textarea_Additional information_other'

2021-08-30 15:42:12 - [MESSAGE][PASSED] - Text 'Test Kata' is set on object 'Object Repository/Page_Login - My Store/textarea_Additional information_other'

2021-08-30 15:42:12 - [TEST_STEP][PASSED] - setText(findTestObject("Object Repository/Page_Login - My Store/input_Home phone_phone"), "0214567"): Text '0214567' is set on object 'Object Repository/Page_Login - My Store/input_Home phone_phone'

2021-08-30 15:42:13 - [MESSAGE][PASSED] - Text '0214567' is set on object 'Object Repository/Page_Login - My Store/input_Home phone_phone'

2021-08-30 15:42:13 - [TEST_STEP][PASSED] - setText(findTestObject("Object Repository/Page_Login - My Store/input__phone_mobile"), "08132556789"): Text '08132556789' is set on object 'Object Repository/Page_Login - My Store/input__phone_mobile'

2021-08-30 15:42:14 - [MESSAGE][PASSED] - Text '08132556789' is set on object 'Object Repository/Page_Login - My Store/input__phone_mobile'

2021-08-30 15:42:14 - [TEST_STEP][PASSED] - setText(findTestObject("Object Repository/Page_Login - My Store/input__alias"), "Bandung"): Text 'Bandung' is set on object 'Object Repository/Page_Login - My Store/input__alias'

2021-08-30 15:42:15 - [MESSAGE][PASSED] - Text 'Bandung' is set on object 'Object Repository/Page_Login - My Store/input__alias'

2021-08-30 15:42:15 - [TEST_STEP][PASSED] - click(findTestObject("Object Repository/Page_Login - My Store/span_Register")): Object: 'Object Repository/Page_Login - My Store/span_Register' is clicked on

2021-08-30 15:42:23 - [MESSAGE][PASSED] - Object: 'Object Repository/Page_Login - My Store/span_Register' is clicked on

2021-08-30 15:42:23 - [TEST_STEP][PASSED] - delay(3): Delayed 3 second(s)

2021-08-30 15:42:26 - [MESSAGE][PASSED] - Delayed 3 second(s)

2021-08-30 15:42:26 - [TEST_STEP][PASSED] - verifyElementPresent(findTestObject("Page_Login - My Store/Message error password empty"), 0): Object 'Object Repository/Page_Login - My Store/Message error password empty' is present

2021-08-30 15:42:26 - [MESSAGE][WARNING] - Timeout '0' is invalid. Using default page load timeout: '30'

2021-08-30 15:42:27 - [MESSAGE][PASSED] - Object 'Object Repository/Page_Login - My Store/Message error password empty' is present

2021-08-30 15:42:27 - [TEST_STEP][PASSED] - closeBrowser(): Browser is closed

2021-08-30 15:42:28 - [MESSAGE][PASSED] - Browser is closed]]></system-out>
         <system-err><![CDATA[]]></system-err>
      </testcase>
      <testcase name="Test Cases/Web Sign Up with Empty City On Create Account Form" time="111.606" classname="Test Cases/Web Sign Up with Empty City On Create Account Form" status="PASSED">
         <system-out><![CDATA[2021-08-30 15:42:28 - [TEST_CASE][PASSED] - Test Cases/Web Sign Up with Empty City On Create Account Form: Test Cases/Web Sign Up with Empty City On Create Account Form

2021-08-30 15:42:28 - [TEST_STEP][PASSED] - openBrowser(""): Browser is opened with url: ''

2021-08-30 15:42:28 - [MESSAGE][INFO] - Starting 'Chrome' driver

2021-08-30 15:42:28 - [MESSAGE][INFO] - Action delay is set to 0 milliseconds

2021-08-30 15:42:30 - [MESSAGE][PASSED] - Browser is opened with url: ''

2021-08-30 15:42:30 - [TEST_STEP][PASSED] - navigateToUrl("http://automationpractice.com/index.php"): Navigate to 'http://automationpractice.com/index.php' successfully

2021-08-30 15:43:22 - [MESSAGE][PASSED] - Navigate to 'http://automationpractice.com/index.php' successfully

2021-08-30 15:43:22 - [TEST_STEP][PASSED] - click(findTestObject("Object Repository/Page_My Store/a_Sign in")): Object: 'Object Repository/Page_My Store/a_Sign in' is clicked on

2021-08-30 15:43:40 - [MESSAGE][PASSED] - Object: 'Object Repository/Page_My Store/a_Sign in' is clicked on

2021-08-30 15:43:40 - [TEST_STEP][PASSED] - setText(findTestObject("Object Repository/Page_Login - My Store/input_Email address_email_create"), "testkatahariini8@mailsac.com"): Text 'testkatahariini8@mailsac.com' is set on object 'Object Repository/Page_Login - My Store/input_Email address_email_create'

2021-08-30 15:43:41 - [MESSAGE][PASSED] - Text 'testkatahariini8@mailsac.com' is set on object 'Object Repository/Page_Login - My Store/input_Email address_email_create'

2021-08-30 15:43:41 - [TEST_STEP][PASSED] - click(findTestObject("Object Repository/Page_Login - My Store/span_Create an account")): Object: 'Object Repository/Page_Login - My Store/span_Create an account' is clicked on

2021-08-30 15:43:41 - [MESSAGE][PASSED] - Object: 'Object Repository/Page_Login - My Store/span_Create an account' is clicked on

2021-08-30 15:43:41 - [TEST_STEP][PASSED] - click(findTestObject("Object Repository/Page_Login - My Store/input_Mrs_id_gender")): Object: 'Object Repository/Page_Login - My Store/input_Mrs_id_gender' is clicked on

2021-08-30 15:43:50 - [MESSAGE][PASSED] - Object: 'Object Repository/Page_Login - My Store/input_Mrs_id_gender' is clicked on

2021-08-30 15:43:50 - [TEST_STEP][PASSED] - setText(findTestObject("Object Repository/Page_Login - My Store/input__customer_firstname"), "test "): Text 'test ' is set on object 'Object Repository/Page_Login - My Store/input__customer_firstname'

2021-08-30 15:43:52 - [MESSAGE][PASSED] - Text 'test ' is set on object 'Object Repository/Page_Login - My Store/input__customer_firstname'

2021-08-30 15:43:52 - [TEST_STEP][PASSED] - setText(findTestObject("Object Repository/Page_Login - My Store/input__customer_lastname"), "kataAi"): Text 'kataAi' is set on object 'Object Repository/Page_Login - My Store/input__customer_lastname'

2021-08-30 15:43:53 - [MESSAGE][PASSED] - Text 'kataAi' is set on object 'Object Repository/Page_Login - My Store/input__customer_lastname'

2021-08-30 15:43:53 - [TEST_STEP][PASSED] - setEncryptedText(findTestObject("Page_Login - My Store/input_Password_passwd"), "RigbBhfdqOBGNlJIWM1ClA=="): Text ****** has been set on object 'Object Repository/Page_Login - My Store/input_Password_passwd'

2021-08-30 15:43:53 - [MESSAGE][PASSED] - Text ****** has been set on object 'Object Repository/Page_Login - My Store/input_Password_passwd'

2021-08-30 15:43:53 - [TEST_STEP][PASSED] - selectOptionByValue(findTestObject("Object Repository/Page_Login - My Store/select_-12345678910111213141516171819202122_51e29d"), "11", true): All options with value '11' are selected in object 'Object Repository/Page_Login - My Store/select_-12345678910111213141516171819202122_51e29d'  using regular expression

2021-08-30 15:43:55 - [MESSAGE][PASSED] - All options with value '11' are selected in object 'Object Repository/Page_Login - My Store/select_-12345678910111213141516171819202122_51e29d'  using regular expression

2021-08-30 15:43:55 - [TEST_STEP][PASSED] - selectOptionByValue(findTestObject("Object Repository/Page_Login - My Store/select_-JanuaryFebruaryMarchAprilMayJuneJul_702766"), "1", true): All options with value '1' are selected in object 'Object Repository/Page_Login - My Store/select_-JanuaryFebruaryMarchAprilMayJuneJul_702766'  using regular expression

2021-08-30 15:43:56 - [MESSAGE][PASSED] - All options with value '1' are selected in object 'Object Repository/Page_Login - My Store/select_-JanuaryFebruaryMarchAprilMayJuneJul_702766'  using regular expression

2021-08-30 15:43:56 - [TEST_STEP][PASSED] - selectOptionByValue(findTestObject("Object Repository/Page_Login - My Store/select_-20212020201920182017201620152014201_28b437"), "1995", true): All options with value '1995' are selected in object 'Object Repository/Page_Login - My Store/select_-20212020201920182017201620152014201_28b437'  using regular expression

2021-08-30 15:43:58 - [MESSAGE][PASSED] - All options with value '1995' are selected in object 'Object Repository/Page_Login - My Store/select_-20212020201920182017201620152014201_28b437'  using regular expression

2021-08-30 15:43:58 - [TEST_STEP][PASSED] - click(findTestObject("Object Repository/Page_Login - My Store/input_January_newsletter")): Object: 'Object Repository/Page_Login - My Store/input_January_newsletter' is clicked on

2021-08-30 15:43:59 - [MESSAGE][PASSED] - Object: 'Object Repository/Page_Login - My Store/input_January_newsletter' is clicked on

2021-08-30 15:43:59 - [TEST_STEP][PASSED] - click(findTestObject("Object Repository/Page_Login - My Store/input_Sign up for our newsletter_optin")): Object: 'Object Repository/Page_Login - My Store/input_Sign up for our newsletter_optin' is clicked on

2021-08-30 15:43:59 - [MESSAGE][PASSED] - Object: 'Object Repository/Page_Login - My Store/input_Sign up for our newsletter_optin' is clicked on

2021-08-30 15:43:59 - [TEST_STEP][PASSED] - setText(findTestObject("Object Repository/Page_Login - My Store/input_Company_company"), "Test Company"): Text 'Test Company' is set on object 'Object Repository/Page_Login - My Store/input_Company_company'

2021-08-30 15:44:00 - [MESSAGE][PASSED] - Text 'Test Company' is set on object 'Object Repository/Page_Login - My Store/input_Company_company'

2021-08-30 15:44:00 - [TEST_STEP][PASSED] - setText(findTestObject("Object Repository/Page_Login - My Store/input__address1"), "Jakarta Selatan"): Text 'Jakarta Selatan' is set on object 'Object Repository/Page_Login - My Store/input__address1'

2021-08-30 15:44:01 - [MESSAGE][PASSED] - Text 'Jakarta Selatan' is set on object 'Object Repository/Page_Login - My Store/input__address1'

2021-08-30 15:44:01 - [TEST_STEP][PASSED] - setText(findTestObject("Object Repository/Page_Login - My Store/input_Address (Line 2)_address2"), "Gedung A"): Text 'Gedung A' is set on object 'Object Repository/Page_Login - My Store/input_Address (Line 2)_address2'

2021-08-30 15:44:02 - [MESSAGE][PASSED] - Text 'Gedung A' is set on object 'Object Repository/Page_Login - My Store/input_Address (Line 2)_address2'

2021-08-30 15:44:02 - [TEST_STEP][PASSED] - selectOptionByValue(findTestObject("Object Repository/Page_Login - My Store/select_-AlabamaAlaskaArizonaArkansasCalifor_c52141"), "14", true): All options with value '14' are selected in object 'Object Repository/Page_Login - My Store/select_-AlabamaAlaskaArizonaArkansasCalifor_c52141'  using regular expression

2021-08-30 15:44:04 - [MESSAGE][PASSED] - All options with value '14' are selected in object 'Object Repository/Page_Login - My Store/select_-AlabamaAlaskaArizonaArkansasCalifor_c52141'  using regular expression

2021-08-30 15:44:04 - [TEST_STEP][PASSED] - setText(findTestObject("Object Repository/Page_Login - My Store/input__postcode"), "12060"): Text '12060' is set on object 'Object Repository/Page_Login - My Store/input__postcode'

2021-08-30 15:44:05 - [MESSAGE][PASSED] - Text '12060' is set on object 'Object Repository/Page_Login - My Store/input__postcode'

2021-08-30 15:44:05 - [TEST_STEP][PASSED] - setText(findTestObject("Object Repository/Page_Login - My Store/textarea_Additional information_other"), "Test Kata"): Text 'Test Kata' is set on object 'Object Repository/Page_Login - My Store/textarea_Additional information_other'

2021-08-30 15:44:05 - [MESSAGE][PASSED] - Text 'Test Kata' is set on object 'Object Repository/Page_Login - My Store/textarea_Additional information_other'

2021-08-30 15:44:05 - [TEST_STEP][PASSED] - setText(findTestObject("Object Repository/Page_Login - My Store/input_Home phone_phone"), "0214567"): Text '0214567' is set on object 'Object Repository/Page_Login - My Store/input_Home phone_phone'

2021-08-30 15:44:06 - [MESSAGE][PASSED] - Text '0214567' is set on object 'Object Repository/Page_Login - My Store/input_Home phone_phone'

2021-08-30 15:44:06 - [TEST_STEP][PASSED] - setText(findTestObject("Object Repository/Page_Login - My Store/input__phone_mobile"), "08132556789"): Text '08132556789' is set on object 'Object Repository/Page_Login - My Store/input__phone_mobile'

2021-08-30 15:44:07 - [MESSAGE][PASSED] - Text '08132556789' is set on object 'Object Repository/Page_Login - My Store/input__phone_mobile'

2021-08-30 15:44:07 - [TEST_STEP][PASSED] - setText(findTestObject("Object Repository/Page_Login - My Store/input__alias"), "Bandung"): Text 'Bandung' is set on object 'Object Repository/Page_Login - My Store/input__alias'

2021-08-30 15:44:08 - [MESSAGE][PASSED] - Text 'Bandung' is set on object 'Object Repository/Page_Login - My Store/input__alias'

2021-08-30 15:44:08 - [TEST_STEP][PASSED] - click(findTestObject("Object Repository/Page_Login - My Store/span_Register")): Object: 'Object Repository/Page_Login - My Store/span_Register' is clicked on

2021-08-30 15:44:15 - [MESSAGE][PASSED] - Object: 'Object Repository/Page_Login - My Store/span_Register' is clicked on

2021-08-30 15:44:15 - [TEST_STEP][PASSED] - delay(3): Delayed 3 second(s)

2021-08-30 15:44:18 - [MESSAGE][PASSED] - Delayed 3 second(s)

2021-08-30 15:44:18 - [TEST_STEP][PASSED] - verifyElementPresent(findTestObject("Page_Login - My Store/Message error city is required"), 0): Object 'Object Repository/Page_Login - My Store/Message error city is required' is present

2021-08-30 15:44:18 - [MESSAGE][WARNING] - Timeout '0' is invalid. Using default page load timeout: '30'

2021-08-30 15:44:18 - [MESSAGE][PASSED] - Object 'Object Repository/Page_Login - My Store/Message error city is required' is present

2021-08-30 15:44:18 - [TEST_STEP][PASSED] - closeBrowser(): Browser is closed

2021-08-30 15:44:19 - [MESSAGE][PASSED] - Browser is closed]]></system-out>
         <system-err><![CDATA[]]></system-err>
      </testcase>
      <testcase name="Test Cases/Web Sign Up with Not Select State On Create Account Form" time="66.792" classname="Test Cases/Web Sign Up with Not Select State On Create Account Form" status="PASSED">
         <system-out><![CDATA[2021-08-30 15:44:19 - [TEST_CASE][PASSED] - Test Cases/Web Sign Up with Not Select State On Create Account Form: Test Cases/Web Sign Up with Not Select State On Create Account Form

2021-08-30 15:44:20 - [TEST_STEP][PASSED] - openBrowser(""): Browser is opened with url: ''

2021-08-30 15:44:20 - [MESSAGE][INFO] - Starting 'Chrome' driver

2021-08-30 15:44:20 - [MESSAGE][INFO] - Action delay is set to 0 milliseconds

2021-08-30 15:44:22 - [MESSAGE][PASSED] - Browser is opened with url: ''

2021-08-30 15:44:22 - [TEST_STEP][PASSED] - navigateToUrl("http://automationpractice.com/index.php"): Navigate to 'http://automationpractice.com/index.php' successfully

2021-08-30 15:44:36 - [MESSAGE][PASSED] - Navigate to 'http://automationpractice.com/index.php' successfully

2021-08-30 15:44:36 - [TEST_STEP][PASSED] - click(findTestObject("Object Repository/Page_My Store/a_Sign in")): Object: 'Object Repository/Page_My Store/a_Sign in' is clicked on

2021-08-30 15:44:46 - [MESSAGE][PASSED] - Object: 'Object Repository/Page_My Store/a_Sign in' is clicked on

2021-08-30 15:44:46 - [TEST_STEP][PASSED] - setText(findTestObject("Object Repository/Page_Login - My Store/input_Email address_email_create"), "testkatahariini2@mailsac.com"): Text 'testkatahariini2@mailsac.com' is set on object 'Object Repository/Page_Login - My Store/input_Email address_email_create'

2021-08-30 15:44:49 - [MESSAGE][PASSED] - Text 'testkatahariini2@mailsac.com' is set on object 'Object Repository/Page_Login - My Store/input_Email address_email_create'

2021-08-30 15:44:49 - [TEST_STEP][PASSED] - click(findTestObject("Object Repository/Page_Login - My Store/span_Create an account")): Object: 'Object Repository/Page_Login - My Store/span_Create an account' is clicked on

2021-08-30 15:44:49 - [MESSAGE][PASSED] - Object: 'Object Repository/Page_Login - My Store/span_Create an account' is clicked on

2021-08-30 15:44:49 - [TEST_STEP][PASSED] - click(findTestObject("Object Repository/Page_Login - My Store/input_Mrs_id_gender")): Object: 'Object Repository/Page_Login - My Store/input_Mrs_id_gender' is clicked on

2021-08-30 15:44:58 - [MESSAGE][PASSED] - Object: 'Object Repository/Page_Login - My Store/input_Mrs_id_gender' is clicked on

2021-08-30 15:44:58 - [TEST_STEP][PASSED] - setText(findTestObject("Object Repository/Page_Login - My Store/input__customer_firstname"), "test "): Text 'test ' is set on object 'Object Repository/Page_Login - My Store/input__customer_firstname'

2021-08-30 15:44:59 - [MESSAGE][PASSED] - Text 'test ' is set on object 'Object Repository/Page_Login - My Store/input__customer_firstname'

2021-08-30 15:44:59 - [TEST_STEP][PASSED] - setText(findTestObject("Object Repository/Page_Login - My Store/input__customer_lastname"), "kataAi"): Text 'kataAi' is set on object 'Object Repository/Page_Login - My Store/input__customer_lastname'

2021-08-30 15:45:00 - [MESSAGE][PASSED] - Text 'kataAi' is set on object 'Object Repository/Page_Login - My Store/input__customer_lastname'

2021-08-30 15:45:00 - [TEST_STEP][PASSED] - setEncryptedText(findTestObject("Page_Login - My Store/input_Password_passwd"), "RigbBhfdqOBGNlJIWM1ClA=="): Text ****** has been set on object 'Object Repository/Page_Login - My Store/input_Password_passwd'

2021-08-30 15:45:00 - [MESSAGE][PASSED] - Text ****** has been set on object 'Object Repository/Page_Login - My Store/input_Password_passwd'

2021-08-30 15:45:00 - [TEST_STEP][PASSED] - selectOptionByValue(findTestObject("Object Repository/Page_Login - My Store/select_-12345678910111213141516171819202122_51e29d"), "11", true): All options with value '11' are selected in object 'Object Repository/Page_Login - My Store/select_-12345678910111213141516171819202122_51e29d'  using regular expression

2021-08-30 15:45:02 - [MESSAGE][PASSED] - All options with value '11' are selected in object 'Object Repository/Page_Login - My Store/select_-12345678910111213141516171819202122_51e29d'  using regular expression

2021-08-30 15:45:02 - [TEST_STEP][PASSED] - selectOptionByValue(findTestObject("Object Repository/Page_Login - My Store/select_-JanuaryFebruaryMarchAprilMayJuneJul_702766"), "1", true): All options with value '1' are selected in object 'Object Repository/Page_Login - My Store/select_-JanuaryFebruaryMarchAprilMayJuneJul_702766'  using regular expression

2021-08-30 15:45:03 - [MESSAGE][PASSED] - All options with value '1' are selected in object 'Object Repository/Page_Login - My Store/select_-JanuaryFebruaryMarchAprilMayJuneJul_702766'  using regular expression

2021-08-30 15:45:03 - [TEST_STEP][PASSED] - selectOptionByValue(findTestObject("Object Repository/Page_Login - My Store/select_-20212020201920182017201620152014201_28b437"), "1995", true): All options with value '1995' are selected in object 'Object Repository/Page_Login - My Store/select_-20212020201920182017201620152014201_28b437'  using regular expression

2021-08-30 15:45:05 - [MESSAGE][PASSED] - All options with value '1995' are selected in object 'Object Repository/Page_Login - My Store/select_-20212020201920182017201620152014201_28b437'  using regular expression

2021-08-30 15:45:05 - [TEST_STEP][PASSED] - click(findTestObject("Object Repository/Page_Login - My Store/input_January_newsletter")): Object: 'Object Repository/Page_Login - My Store/input_January_newsletter' is clicked on

2021-08-30 15:45:06 - [MESSAGE][PASSED] - Object: 'Object Repository/Page_Login - My Store/input_January_newsletter' is clicked on

2021-08-30 15:45:06 - [TEST_STEP][PASSED] - click(findTestObject("Object Repository/Page_Login - My Store/input_Sign up for our newsletter_optin")): Object: 'Object Repository/Page_Login - My Store/input_Sign up for our newsletter_optin' is clicked on

2021-08-30 15:45:06 - [MESSAGE][PASSED] - Object: 'Object Repository/Page_Login - My Store/input_Sign up for our newsletter_optin' is clicked on

2021-08-30 15:45:06 - [TEST_STEP][PASSED] - setText(findTestObject("Object Repository/Page_Login - My Store/input_Company_company"), "Test Company"): Text 'Test Company' is set on object 'Object Repository/Page_Login - My Store/input_Company_company'

2021-08-30 15:45:07 - [MESSAGE][PASSED] - Text 'Test Company' is set on object 'Object Repository/Page_Login - My Store/input_Company_company'

2021-08-30 15:45:07 - [TEST_STEP][PASSED] - setText(findTestObject("Object Repository/Page_Login - My Store/input__address1"), "Jakarta Selatan"): Text 'Jakarta Selatan' is set on object 'Object Repository/Page_Login - My Store/input__address1'

2021-08-30 15:45:08 - [MESSAGE][PASSED] - Text 'Jakarta Selatan' is set on object 'Object Repository/Page_Login - My Store/input__address1'

2021-08-30 15:45:08 - [TEST_STEP][PASSED] - setText(findTestObject("Object Repository/Page_Login - My Store/input_Address (Line 2)_address2"), "Gedung A"): Text 'Gedung A' is set on object 'Object Repository/Page_Login - My Store/input_Address (Line 2)_address2'

2021-08-30 15:45:09 - [MESSAGE][PASSED] - Text 'Gedung A' is set on object 'Object Repository/Page_Login - My Store/input_Address (Line 2)_address2'

2021-08-30 15:45:09 - [TEST_STEP][PASSED] - setText(findTestObject("Object Repository/Page_Login - My Store/input__city"), "Jakarta"): Text 'Jakarta' is set on object 'Object Repository/Page_Login - My Store/input__city'

2021-08-30 15:45:10 - [MESSAGE][PASSED] - Text 'Jakarta' is set on object 'Object Repository/Page_Login - My Store/input__city'

2021-08-30 15:45:10 - [TEST_STEP][PASSED] - setText(findTestObject("Object Repository/Page_Login - My Store/input__postcode"), "12060"): Text '12060' is set on object 'Object Repository/Page_Login - My Store/input__postcode'

2021-08-30 15:45:11 - [MESSAGE][PASSED] - Text '12060' is set on object 'Object Repository/Page_Login - My Store/input__postcode'

2021-08-30 15:45:11 - [TEST_STEP][PASSED] - setText(findTestObject("Object Repository/Page_Login - My Store/textarea_Additional information_other"), "Test Kata"): Text 'Test Kata' is set on object 'Object Repository/Page_Login - My Store/textarea_Additional information_other'

2021-08-30 15:45:11 - [MESSAGE][PASSED] - Text 'Test Kata' is set on object 'Object Repository/Page_Login - My Store/textarea_Additional information_other'

2021-08-30 15:45:11 - [TEST_STEP][PASSED] - setText(findTestObject("Object Repository/Page_Login - My Store/input_Home phone_phone"), "0214567"): Text '0214567' is set on object 'Object Repository/Page_Login - My Store/input_Home phone_phone'

2021-08-30 15:45:12 - [MESSAGE][PASSED] - Text '0214567' is set on object 'Object Repository/Page_Login - My Store/input_Home phone_phone'

2021-08-30 15:45:12 - [TEST_STEP][PASSED] - setText(findTestObject("Object Repository/Page_Login - My Store/input__phone_mobile"), "08132556789"): Text '08132556789' is set on object 'Object Repository/Page_Login - My Store/input__phone_mobile'

2021-08-30 15:45:13 - [MESSAGE][PASSED] - Text '08132556789' is set on object 'Object Repository/Page_Login - My Store/input__phone_mobile'

2021-08-30 15:45:13 - [TEST_STEP][PASSED] - setText(findTestObject("Object Repository/Page_Login - My Store/input__alias"), "Bandung"): Text 'Bandung' is set on object 'Object Repository/Page_Login - My Store/input__alias'

2021-08-30 15:45:14 - [MESSAGE][PASSED] - Text 'Bandung' is set on object 'Object Repository/Page_Login - My Store/input__alias'

2021-08-30 15:45:14 - [TEST_STEP][PASSED] - click(findTestObject("Object Repository/Page_Login - My Store/span_Register")): Object: 'Object Repository/Page_Login - My Store/span_Register' is clicked on

2021-08-30 15:45:22 - [MESSAGE][PASSED] - Object: 'Object Repository/Page_Login - My Store/span_Register' is clicked on

2021-08-30 15:45:22 - [TEST_STEP][PASSED] - delay(3): Delayed 3 second(s)

2021-08-30 15:45:25 - [MESSAGE][PASSED] - Delayed 3 second(s)

2021-08-30 15:45:25 - [TEST_STEP][PASSED] - verifyElementPresent(findTestObject("Page_Login - My Store/Message error This country requires you to choose a State"), 0): Object 'Object Repository/Page_Login - My Store/Message error This country requires you to choose a State' is present

2021-08-30 15:45:25 - [MESSAGE][WARNING] - Timeout '0' is invalid. Using default page load timeout: '30'

2021-08-30 15:45:25 - [MESSAGE][PASSED] - Object 'Object Repository/Page_Login - My Store/Message error This country requires you to choose a State' is present

2021-08-30 15:45:25 - [TEST_STEP][PASSED] - closeBrowser(): Browser is closed

2021-08-30 15:45:26 - [MESSAGE][PASSED] - Browser is closed]]></system-out>
         <system-err><![CDATA[]]></system-err>
      </testcase>
      <testcase name="Test Cases/Web Sign Up with Empty Address On Create Account Form" time="150.126" classname="Test Cases/Web Sign Up with Empty Address On Create Account Form" status="PASSED">
         <system-out><![CDATA[2021-08-30 15:47:11 - [TEST_CASE][PASSED] - Test Cases/Web Sign Up with Empty Address On Create Account Form: Test Cases/Web Sign Up with Empty Address On Create Account Form

2021-08-30 15:47:11 - [TEST_STEP][PASSED] - openBrowser(""): Browser is opened with url: ''

2021-08-30 15:47:11 - [MESSAGE][WARNING] - A browser is already opened. Closing browser and opening a new one

2021-08-30 15:47:12 - [MESSAGE][INFO] - Starting 'Chrome' driver

2021-08-30 15:47:12 - [MESSAGE][INFO] - Action delay is set to 0 milliseconds

2021-08-30 15:47:14 - [MESSAGE][PASSED] - Browser is opened with url: ''

2021-08-30 15:47:14 - [TEST_STEP][PASSED] - navigateToUrl("http://automationpractice.com/index.php"): Navigate to 'http://automationpractice.com/index.php' successfully

2021-08-30 15:47:41 - [MESSAGE][PASSED] - Navigate to 'http://automationpractice.com/index.php' successfully

2021-08-30 15:47:41 - [TEST_STEP][PASSED] - click(findTestObject("Object Repository/Page_My Store/a_Sign in")): Object: 'Object Repository/Page_My Store/a_Sign in' is clicked on

2021-08-30 15:47:59 - [MESSAGE][PASSED] - Object: 'Object Repository/Page_My Store/a_Sign in' is clicked on

2021-08-30 15:47:59 - [TEST_STEP][PASSED] - setText(findTestObject("Object Repository/Page_Login - My Store/input_Email address_email_create"), "testkatahariini9@mailsac.com"): Text 'testkatahariini9@mailsac.com' is set on object 'Object Repository/Page_Login - My Store/input_Email address_email_create'

2021-08-30 15:48:03 - [MESSAGE][PASSED] - Text 'testkatahariini9@mailsac.com' is set on object 'Object Repository/Page_Login - My Store/input_Email address_email_create'

2021-08-30 15:48:03 - [TEST_STEP][PASSED] - click(findTestObject("Object Repository/Page_Login - My Store/span_Create an account")): Object: 'Object Repository/Page_Login - My Store/span_Create an account' is clicked on

2021-08-30 15:48:05 - [MESSAGE][PASSED] - Object: 'Object Repository/Page_Login - My Store/span_Create an account' is clicked on

2021-08-30 15:48:05 - [TEST_STEP][PASSED] - click(findTestObject("Object Repository/Page_Login - My Store/input_Mrs_id_gender")): Object: 'Object Repository/Page_Login - My Store/input_Mrs_id_gender' is clicked on

2021-08-30 15:48:15 - [MESSAGE][PASSED] - Object: 'Object Repository/Page_Login - My Store/input_Mrs_id_gender' is clicked on

2021-08-30 15:48:15 - [TEST_STEP][PASSED] - setText(findTestObject("Object Repository/Page_Login - My Store/input__customer_firstname"), "test "): Text 'test ' is set on object 'Object Repository/Page_Login - My Store/input__customer_firstname'

2021-08-30 15:48:19 - [MESSAGE][PASSED] - Text 'test ' is set on object 'Object Repository/Page_Login - My Store/input__customer_firstname'

2021-08-30 15:48:19 - [TEST_STEP][PASSED] - setText(findTestObject("Object Repository/Page_Login - My Store/input__customer_lastname"), "kataAi"): Text 'kataAi' is set on object 'Object Repository/Page_Login - My Store/input__customer_lastname'

2021-08-30 15:48:23 - [MESSAGE][PASSED] - Text 'kataAi' is set on object 'Object Repository/Page_Login - My Store/input__customer_lastname'

2021-08-30 15:48:23 - [TEST_STEP][PASSED] - setEncryptedText(findTestObject("Page_Login - My Store/input_Password_passwd"), "RigbBhfdqOBGNlJIWM1ClA=="): Text ****** has been set on object 'Object Repository/Page_Login - My Store/input_Password_passwd'

2021-08-30 15:48:25 - [MESSAGE][PASSED] - Text ****** has been set on object 'Object Repository/Page_Login - My Store/input_Password_passwd'

2021-08-30 15:48:25 - [TEST_STEP][PASSED] - selectOptionByValue(findTestObject("Object Repository/Page_Login - My Store/select_-12345678910111213141516171819202122_51e29d"), "11", true): All options with value '11' are selected in object 'Object Repository/Page_Login - My Store/select_-12345678910111213141516171819202122_51e29d'  using regular expression

2021-08-30 15:48:31 - [MESSAGE][PASSED] - All options with value '11' are selected in object 'Object Repository/Page_Login - My Store/select_-12345678910111213141516171819202122_51e29d'  using regular expression

2021-08-30 15:48:31 - [TEST_STEP][PASSED] - selectOptionByValue(findTestObject("Object Repository/Page_Login - My Store/select_-JanuaryFebruaryMarchAprilMayJuneJul_702766"), "1", true): All options with value '1' are selected in object 'Object Repository/Page_Login - My Store/select_-JanuaryFebruaryMarchAprilMayJuneJul_702766'  using regular expression

2021-08-30 15:48:37 - [MESSAGE][PASSED] - All options with value '1' are selected in object 'Object Repository/Page_Login - My Store/select_-JanuaryFebruaryMarchAprilMayJuneJul_702766'  using regular expression

2021-08-30 15:48:37 - [TEST_STEP][PASSED] - selectOptionByValue(findTestObject("Object Repository/Page_Login - My Store/select_-20212020201920182017201620152014201_28b437"), "1995", true): All options with value '1995' are selected in object 'Object Repository/Page_Login - My Store/select_-20212020201920182017201620152014201_28b437'  using regular expression

2021-08-30 15:48:44 - [MESSAGE][PASSED] - All options with value '1995' are selected in object 'Object Repository/Page_Login - My Store/select_-20212020201920182017201620152014201_28b437'  using regular expression

2021-08-30 15:48:44 - [TEST_STEP][PASSED] - click(findTestObject("Object Repository/Page_Login - My Store/input_January_newsletter")): Object: 'Object Repository/Page_Login - My Store/input_January_newsletter' is clicked on

2021-08-30 15:48:46 - [MESSAGE][PASSED] - Object: 'Object Repository/Page_Login - My Store/input_January_newsletter' is clicked on

2021-08-30 15:48:46 - [TEST_STEP][PASSED] - click(findTestObject("Object Repository/Page_Login - My Store/input_Sign up for our newsletter_optin")): Object: 'Object Repository/Page_Login - My Store/input_Sign up for our newsletter_optin' is clicked on

2021-08-30 15:48:48 - [MESSAGE][PASSED] - Object: 'Object Repository/Page_Login - My Store/input_Sign up for our newsletter_optin' is clicked on

[...]

2021-08-30 15:50:37 - [MESSAGE][PASSED] - Text '08132556789' is set on object 'Object Repository/Page_Login - My Store/input__phone_mobile'

2021-08-30 15:50:37 - [TEST_STEP][PASSED] - setText(findTestObject("Object Repository/Page_Login - My Store/input__alias"), "Bandung"): Text 'Bandung' is set on object 'Object Repository/Page_Login - My Store/input__alias'

2021-08-30 15:50:37 - [MESSAGE][PASSED] - Text 'Bandung' is set on object 'Object Repository/Page_Login - My Store/input__alias'

2021-08-30 15:50:37 - [TEST_STEP][PASSED] - click(findTestObject("Object Repository/Page_Login - My Store/span_Register")): Object: 'Object Repository/Page_Login - My Store/span_Register' is clicked on

2021-08-30 15:50:43 - [MESSAGE][PASSED] - Object: 'Object Repository/Page_Login - My Store/span_Register' is clicked on

2021-08-30 15:50:43 - [TEST_STEP][PASSED] - delay(3): Delayed 3 second(s)

2021-08-30 15:50:46 - [MESSAGE][PASSED] - Delayed 3 second(s)

2021-08-30 15:50:46 - [TEST_STEP][PASSED] - verifyElementPresent(findTestObject("Page_Login - My Store/Message errorThe ZipPostal code"), 0): Object 'Object Repository/Page_Login - My Store/Message errorThe ZipPostal code' is present

2021-08-30 15:50:46 - [MESSAGE][WARNING] - Timeout '0' is invalid. Using default page load timeout: '30'

2021-08-30 15:50:46 - [MESSAGE][PASSED] - Object 'Object Repository/Page_Login - My Store/Message errorThe ZipPostal code' is present

2021-08-30 15:50:46 - [TEST_STEP][PASSED] - closeBrowser(): Browser is closed

2021-08-30 15:50:47 - [MESSAGE][PASSED] - Browser is closed]]></system-out>
         <system-err><![CDATA[]]></system-err>
      </testcase>
      <testcase name="Test Cases/Web Sign Up with Empty Mobile Phone On Create Account Form" time="105.926" classname="Test Cases/Web Sign Up with Empty Mobile Phone On Create Account Form" status="PASSED">
         <system-out><![CDATA[2021-08-30 15:50:47 - [TEST_CASE][PASSED] - Test Cases/Web Sign Up with Empty Mobile Phone On Create Account Form: Test Cases/Web Sign Up with Empty Mobile Phone On Create Account Form

2021-08-30 15:50:48 - [TEST_STEP][PASSED] - openBrowser(""): Browser is opened with url: ''

2021-08-30 15:50:48 - [MESSAGE][INFO] - Starting 'Chrome' driver

2021-08-30 15:50:48 - [MESSAGE][INFO] - Action delay is set to 0 milliseconds

2021-08-30 15:50:50 - [MESSAGE][PASSED] - Browser is opened with url: ''

2021-08-30 15:50:50 - [TEST_STEP][PASSED] - navigateToUrl("http://automationpractice.com/index.php"): Navigate to 'http://automationpractice.com/index.php' successfully

2021-08-30 15:51:08 - [MESSAGE][PASSED] - Navigate to 'http://automationpractice.com/index.php' successfully

2021-08-30 15:51:08 - [TEST_STEP][PASSED] - click(findTestObject("Object Repository/Page_My Store/a_Sign in")): Object: 'Object Repository/Page_My Store/a_Sign in' is clicked on

2021-08-30 15:51:22 - [MESSAGE][PASSED] - Object: 'Object Repository/Page_My Store/a_Sign in' is clicked on

2021-08-30 15:51:22 - [TEST_STEP][PASSED] - setText(findTestObject("Object Repository/Page_Login - My Store/input_Email address_email_create"), "testkatahariini5@mailsac.com"): Text 'testkatahariini5@mailsac.com' is set on object 'Object Repository/Page_Login - My Store/input_Email address_email_create'

2021-08-30 15:51:25 - [MESSAGE][PASSED] - Text 'testkatahariini5@mailsac.com' is set on object 'Object Repository/Page_Login - My Store/input_Email address_email_create'

2021-08-30 15:51:25 - [TEST_STEP][PASSED] - click(findTestObject("Object Repository/Page_Login - My Store/span_Create an account")): Object: 'Object Repository/Page_Login - My Store/span_Create an account' is clicked on

2021-08-30 15:51:26 - [MESSAGE][PASSED] - Object: 'Object Repository/Page_Login - My Store/span_Create an account' is clicked on

2021-08-30 15:51:26 - [TEST_STEP][PASSED] - click(findTestObject("Object Repository/Page_Login - My Store/input_Mrs_id_gender")): Object: 'Object Repository/Page_Login - My Store/input_Mrs_id_gender' is clicked on

2021-08-30 15:51:58 - [MESSAGE][INFO] - Unable to find the element located by 'By.xpath: //input[@id='id_gender2']'. Please recheck the objects properties to make sure the desired element is located. 

2021-08-30 15:51:58 - [MESSAGE][WARNING] - [SELF-HEALING] Failed to find element with id 'Object Repository/Page_Login - My Store/input_Mrs_id_gender'. Try using Self-healing.

2021-08-30 15:51:59 - [MESSAGE][INFO] - [SELF-HEALING] Working Locator: '//input[@id='id_gender2']'.

2021-08-30 15:51:59 - [MESSAGE][INFO] - [SELF-HEALING] Screenshot: D:/Belajar katalon/Projectbymaula1/Reports/Self-healing/Object Repository/Page_Login - My Store/input_Mrs_id_gender_attributes.png

2021-08-30 15:51:59 - [MESSAGE][WARNING] - [SELF-HEALING] The current locator of test object 'Object Repository/Page_Login - My Store/input_Mrs_id_gender' was broken. Propose an alternative one: '//input[@id='id_gender2']'.

2021-08-30 15:51:59 - [MESSAGE][PASSED] - Object: 'Object Repository/Page_Login - My Store/input_Mrs_id_gender' is clicked on

2021-08-30 15:51:59 - [TEST_STEP][PASSED] - setText(findTestObject("Object Repository/Page_Login - My Store/input__customer_firstname"), "test "): Text 'test ' is set on object 'Object Repository/Page_Login - My Store/input__customer_firstname'

2021-08-30 15:52:00 - [MESSAGE][PASSED] - Text 'test ' is set on object 'Object Repository/Page_Login - My Store/input__customer_firstname'

2021-08-30 15:52:00 - [TEST_STEP][PASSED] - setText(findTestObject("Object Repository/Page_Login - My Store/input__customer_lastname"), "kataAi"): Text 'kataAi' is set on object 'Object Repository/Page_Login - My Store/input__customer_lastname'

2021-08-30 15:52:01 - [MESSAGE][PASSED] - Text 'kataAi' is set on object 'Object Repository/Page_Login - My Store/input__customer_lastname'

2021-08-30 15:52:01 - [TEST_STEP][PASSED] - setEncryptedText(findTestObject("Page_Login - My Store/input_Password_passwd"), "RigbBhfdqOBGNlJIWM1ClA=="): Text ****** has been set on object 'Object Repository/Page_Login - My Store/input_Password_passwd'

2021-08-30 15:52:02 - [MESSAGE][PASSED] - Text ****** has been set on object 'Object Repository/Page_Login - My Store/input_Password_passwd'

2021-08-30 15:52:02 - [TEST_STEP][PASSED] - selectOptionByValue(findTestObject("Object Repository/Page_Login - My Store/select_-12345678910111213141516171819202122_51e29d"), "11", true): All options with value '11' are selected in object 'Object Repository/Page_Login - My Store/select_-12345678910111213141516171819202122_51e29d'  using regular expression

2021-08-30 15:52:03 - [MESSAGE][PASSED] - All options with value '11' are selected in object 'Object Repository/Page_Login - My Store/select_-12345678910111213141516171819202122_51e29d'  using regular expression

2021-08-30 15:52:03 - [TEST_STEP][PASSED] - selectOptionByValue(findTestObject("Object Repository/Page_Login - My Store/select_-JanuaryFebruaryMarchAprilMayJuneJul_702766"), "1", true): All options with value '1' are selected in object 'Object Repository/Page_Login - My Store/select_-JanuaryFebruaryMarchAprilMayJuneJul_702766'  using regular expression

2021-08-30 15:52:04 - [MESSAGE][PASSED] - All options with value '1' are selected in object 'Object Repository/Page_Login - My Store/select_-JanuaryFebruaryMarchAprilMayJuneJul_702766'  using regular expression

2021-08-30 15:52:04 - [TEST_STEP][PASSED] - selectOptionByValue(findTestObject("Object Repository/Page_Login - My Store/select_-20212020201920182017201620152014201_28b437"), "1995", true): All options with value '1995' are selected in object 'Object Repository/Page_Login - My Store/select_-20212020201920182017201620152014201_28b437'  using regular expression

2021-08-30 15:52:07 - [MESSAGE][PASSED] - All options with value '1995' are selected in object 'Object Repository/Page_Login - My Store/select_-20212020201920182017201620152014201_28b437'  using regular expression

2021-08-30 15:52:07 - [TEST_STEP][PASSED] - click(findTestObject("Object Repository/Page_Login - My Store/input_January_newsletter")): Object: 'Object Repository/Page_Login - My Store/input_January_newsletter' is clicked on

2021-08-30 15:52:07 - [MESSAGE][PASSED] - Object: 'Object Repository/Page_Login - My Store/input_January_newsletter' is clicked on

2021-08-30 15:52:07 - [TEST_STEP][PASSED] - click(findTestObject("Object Repository/Page_Login - My Store/input_Sign up for our newsletter_optin")): Object: 'Object Repository/Page_Login - My Store/input_Sign up for our newsletter_optin' is clicked on

2021-08-30 15:52:08 - [MESSAGE][PASSED] - Object: 'Object Repository/Page_Login - My Store/input_Sign up for our newsletter_optin' is clicked on

2021-08-30 15:52:08 - [TEST_STEP][PASSED] - setText(findTestObject("Object Repository/Page_Login - My Store/input_Company_company"), "Test Company"): Text 'Test Company' is set on object 'Object Repository/Page_Login - My Store/input_Company_company'

2021-08-30 15:52:09 - [MESSAGE][PASSED] - Text 'Test Company' is set on object 'Object Repository/Page_Login - My Store/input_Company_company'

2021-08-30 15:52:09 - [TEST_STEP][PASSED] - setText(findTestObject("Object Repository/Page_Login - My Store/input__address1"), "Jakarta Selatan"): Text 'Jakarta Selatan' is set on object 'Object Repository/Page_Login - My Store/input__address1'

2021-08-30 15:52:10 - [MESSAGE][PASSED] - Text 'Jakarta Selatan' is set on object 'Object Repository/Page_Login - My Store/input__address1'

2021-08-30 15:52:10 - [TEST_STEP][PASSED] - setText(findTestObject("Object Repository/Page_Login - My Store/input_Address (Line 2)_address2"), "Gedung A"): Text 'Gedung A' is set on object 'Object Repository/Page_Login - My Store/input_Address (Line 2)_address2'

2021-08-30 15:52:11 - [MESSAGE][PASSED] - Text 'Gedung A' is set on object 'Object Repository/Page_Login - My Store/input_Address (Line 2)_address2'

2021-08-30 15:52:11 - [TEST_STEP][PASSED] - setText(findTestObject("Object Repository/Page_Login - My Store/input__city"), "Jakarta"): Text 'Jakarta' is set on object 'Object Repository/Page_Login - My Store/input__city'

2021-08-30 15:52:12 - [MESSAGE][PASSED] - Text 'Jakarta' is set on object 'Object Repository/Page_Login - My Store/input__city'

2021-08-30 15:52:12 - [TEST_STEP][PASSED] - selectOptionByValue(findTestObject("Object Repository/Page_Login - My Store/select_-AlabamaAlaskaArizonaArkansasCalifor_c52141"), "14", true): All options with value '14' are selected in object 'Object Repository/Page_Login - My Store/select_-AlabamaAlaskaArizonaArkansasCalifor_c52141'  using regular expression

2021-08-30 15:52:13 - [MESSAGE][PASSED] - All options with value '14' are selected in object 'Object Repository/Page_Login - My Store/select_-AlabamaAlaskaArizonaArkansasCalifor_c52141'  using regular expression

2021-08-30 15:52:13 - [TEST_STEP][PASSED] - setText(findTestObject("Object Repository/Page_Login - My Store/input__postcode"), "12060"): Text '12060' is set on object 'Object Repository/Page_Login - My Store/input__postcode'

2021-08-30 15:52:14 - [MESSAGE][PASSED] - Text '12060' is set on object 'Object Repository/Page_Login - My Store/input__postcode'

2021-08-30 15:52:14 - [TEST_STEP][PASSED] - setText(findTestObject("Object Repository/Page_Login - My Store/textarea_Additional information_other"), "Test Kata"): Text 'Test Kata' is set on object 'Object Repository/Page_Login - My Store/textarea_Additional information_other'

2021-08-30 15:52:15 - [MESSAGE][PASSED] - Text 'Test Kata' is set on object 'Object Repository/Page_Login - My Store/textarea_Additional information_other'

2021-08-30 15:52:15 - [TEST_STEP][PASSED] - setText(findTestObject("Object Repository/Page_Login - My Store/input_Home phone_phone"), "0214567"): Text '0214567' is set on object 'Object Repository/Page_Login - My Store/input_Home phone_phone'

2021-08-30 15:52:16 - [MESSAGE][PASSED] - Text '0214567' is set on object 'Object Repository/Page_Login - My Store/input_Home phone_phone'

2021-08-30 15:52:16 - [TEST_STEP][PASSED] - setText(findTestObject("Object Repository/Page_Login - My Store/input__alias"), "Bandung"): Text 'Bandung' is set on object 'Object Repository/Page_Login - My Store/input__alias'

2021-08-30 15:52:17 - [MESSAGE][PASSED] - Text 'Bandung' is set on object 'Object Repository/Page_Login - My Store/input__alias'

2021-08-30 15:52:17 - [TEST_STEP][PASSED] - click(findTestObject("Object Repository/Page_Login - My Store/span_Register")): Object: 'Object Repository/Page_Login - My Store/span_Register' is clicked on

2021-08-30 15:52:29 - [MESSAGE][PASSED] - Object: 'Object Repository/Page_Login - My Store/span_Register' is clicked on

2021-08-30 15:52:29 - [TEST_STEP][PASSED] - delay(3): Delayed 3 second(s)

2021-08-30 15:52:32 - [MESSAGE][PASSED] - Delayed 3 second(s)

2021-08-30 15:52:32 - [TEST_STEP][PASSED] - verifyElementPresent(findTestObject("Page_Login - My Store/Message error phone number"), 0): Object 'Object Repository/Page_Login - My Store/Message error phone number' is present

2021-08-30 15:52:32 - [MESSAGE][WARNING] - Timeout '0' is invalid. Using default page load timeout: '30'

2021-08-30 15:52:32 - [MESSAGE][PASSED] - Object 'Object Repository/Page_Login - My Store/Message error phone number' is present

2021-08-30 15:52:32 - [TEST_STEP][PASSED] - closeBrowser(): Browser is closed

2021-08-30 15:52:33 - [MESSAGE][PASSED] - Browser is closed]]></system-out>
         <system-err><![CDATA[]]></system-err>
      </testcase>
      <system-out><![CDATA[2021-08-30 15:34:46 - [TEST_SUITE][FAILED] - Test Suites-Sign UP Web Automation Practice: Test Cases/Web Sign Up with Empty Address On Create Account Form FAILED.
Reason:
com.kms.katalon.core.exception.StepFailedException: Unable to verify object 'Object Repository/Page_Login - My Store/Message error address1 is required' is present
	at com.kms.katalon.core.webui.keyword.internal.WebUIKeywordMain.stepFailed(WebUIKeywordMain.groovy:64)
	at com.kms.katalon.core.webui.keyword.internal.WebUIKeywordMain.runKeyword(WebUIKeywordMain.groovy:26)
	at com.kms.katalon.core.webui.keyword.builtin.VerifyElementPresentKeyword.verifyElementPresent(VerifyElementPresentKeyword.groovy:92)
	at com.kms.katalon.core.webui.keyword.builtin.VerifyElementPresentKeyword.execute(VerifyElementPresentKeyword.groovy:68)
	at com.kms.katalon.core.keyword.internal.KeywordExecutor.executeKeywordForPlatform(KeywordExecutor.groovy:74)
	at com.kms.katalon.core.webui.keyword.WebUiBuiltInKeywords.verifyElementPresent(WebUiBuiltInKeywords.groovy:1464)
	at com.kms.katalon.core.webui.keyword.WebUiBuiltInKeywords$verifyElementPresent$5.call(Unknown Source)
	at Web Sign Up with Empty Address On Create Account Form.run(Web Sign Up with Empty Address On Create Account Form:74)
	at com.kms.katalon.core.main.ScriptEngine.run(ScriptEngine.java:194)
	at com.kms.katalon.core.main.ScriptEngine.runScriptAsRawText(ScriptEngine.java:119)
	at com.kms.katalon.core.main.TestCaseExecutor.runScript(TestCaseExecutor.java:430)
	at com.kms.katalon.core.main.TestCaseExecutor.doExecute(TestCaseExecutor.java:421)
	at com.kms.katalon.core.main.TestCaseExecutor.processExecutionPhase(TestCaseExecutor.java:400)
	at com.kms.katalon.core.main.TestCaseExecutor.accessMainPhase(TestCaseExecutor.java:392)
	at com.kms.katalon.core.main.TestCaseExecutor.execute(TestCaseExecutor.java:273)
	at com.kms.katalon.core.main.TestSuiteExecutor.accessTestCaseMainPhase(TestSuiteExecutor.java:202)
	at com.kms.katalon.core.main.TestSuiteExecutor.accessTestSuiteMainPhase(TestSuiteExecutor.java:164)
	at com.kms.katalon.core.main.TestSuiteExecutor.execute(TestSuiteExecutor.java:105)
	at com.kms.katalon.core.main.TestCaseMain.startTestSuite(TestCaseMain.java:185)
	at com.kms.katalon.core.main.TestCaseMain$startTestSuite$0.call(Unknown Source)
	at TempTestSuite1630312470273.run(TempTestSuite1630312470273.groovy:36)
Caused by: com.kms.katalon.core.exception.StepFailedException: com.kms.katalon.core.webui.exception.WebElementNotFoundException: Web element with id: 'Object Repository/Page_Login - My Store/Message error address1 is required' located by '//div[@id='center_column']/div' not found
	at com.kms.katalon.core.webui.keyword.internal.WebUIKeywordMain.stepFailed(WebUIKeywordMain.groovy:64)
	at com.kms.katalon.core.webui.keyword.builtin.VerifyElementPresentKeyword$_verifyElementPresent_closure1.doCall(VerifyElementPresentKeyword.groovy:85)
	at com.kms.katalon.core.webui.keyword.builtin.VerifyElementPresentKeyword$_verifyElementPresent_closure1.call(VerifyElementPresentKeyword.groovy)
	at com.kms.katalon.core.webui.keyword.internal.WebUIKeywordMain.runKeyword(WebUIKeywordMain.groovy:20)
	... 19 more]]></system-out>
      <system-err><![CDATA[2021-08-30 15:34:46 - [TEST_SUITE][FAILED] - Test Suites-Sign UP Web Automation Practice: Test Cases/Web Sign Up with Empty Address On Create Account Form FAILED.
Reason:
com.kms.katalon.core.exception.StepFailedException: Unable to verify object 'Object Repository/Page_Login - My Store/Message error address1 is required' is present
	at com.kms.katalon.core.webui.keyword.internal.WebUIKeywordMain.stepFailed(WebUIKeywordMain.groovy:64)
	at com.kms.katalon.core.webui.keyword.internal.WebUIKeywordMain.runKeyword(WebUIKeywordMain.groovy:26)
	at com.kms.katalon.core.webui.keyword.builtin.VerifyElementPresentKeyword.verifyElementPresent(VerifyElementPresentKeyword.groovy:92)
	at com.kms.katalon.core.webui.keyword.builtin.VerifyElementPresentKeyword.execute(VerifyElementPresentKeyword.groovy:68)
	at com.kms.katalon.core.keyword.internal.KeywordExecutor.executeKeywordForPlatform(KeywordExecutor.groovy:74)
	at com.kms.katalon.core.webui.keyword.WebUiBuiltInKeywords.verifyElementPresent(WebUiBuiltInKeywords.groovy:1464)
	at com.kms.katalon.core.webui.keyword.WebUiBuiltInKeywords$verifyElementPresent$5.call(Unknown Source)
	at Web Sign Up with Empty Address On Create Account Form.run(Web Sign Up with Empty Address On Create Account Form:74)
	at com.kms.katalon.core.main.ScriptEngine.run(ScriptEngine.java:194)
	at com.kms.katalon.core.main.ScriptEngine.runScriptAsRawText(ScriptEngine.java:119)
	at com.kms.katalon.core.main.TestCaseExecutor.runScript(TestCaseExecutor.java:430)
	at com.kms.katalon.core.main.TestCaseExecutor.doExecute(TestCaseExecutor.java:421)
	at com.kms.katalon.core.main.TestCaseExecutor.processExecutionPhase(TestCaseExecutor.java:400)
	at com.kms.katalon.core.main.TestCaseExecutor.accessMainPhase(TestCaseExecutor.java:392)
	at com.kms.katalon.core.main.TestCaseExecutor.execute(TestCaseExecutor.java:273)
	at com.kms.katalon.core.main.TestSuiteExecutor.accessTestCaseMainPhase(TestSuiteExecutor.java:202)
	at com.kms.katalon.core.main.TestSuiteExecutor.accessTestSuiteMainPhase(TestSuiteExecutor.java:164)
	at com.kms.katalon.core.main.TestSuiteExecutor.execute(TestSuiteExecutor.java:105)
	at com.kms.katalon.core.main.TestCaseMain.startTestSuite(TestCaseMain.java:185)
	at com.kms.katalon.core.main.TestCaseMain$startTestSuite$0.call(Unknown Source)
	at TempTestSuite1630312470273.run(TempTestSuite1630312470273.groovy:36)
Caused by: com.kms.katalon.core.exception.StepFailedException: com.kms.katalon.core.webui.exception.WebElementNotFoundException: Web element with id: 'Object Repository/Page_Login - My Store/Message error address1 is required' located by '//div[@id='center_column']/div' not found
	at com.kms.katalon.core.webui.keyword.internal.WebUIKeywordMain.stepFailed(WebUIKeywordMain.groovy:64)
	at com.kms.katalon.core.webui.keyword.builtin.VerifyElementPresentKeyword$_verifyElementPresent_closure1.doCall(VerifyElementPresentKeyword.groovy:85)
	at com.kms.katalon.core.webui.keyword.builtin.VerifyElementPresentKeyword$_verifyElementPresent_closure1.call(VerifyElementPresentKeyword.groovy)
	at com.kms.katalon.core.webui.keyword.internal.WebUIKeywordMain.runKeyword(WebUIKeywordMain.groovy:20)
	... 19 more]]></system-err>
   </testsuite>
</testsuites>
